<?xml version="1.0" encoding="utf-8"?><testsuites name="pytest tests"><testsuite name="pytest" errors="0" failures="5" skipped="4" tests="758" time="18.314" timestamp="2026-03-23T23:36:31.539533+08:00" hostname="192-168-9-118"><testcase classname="test.api_test.test_Tensor_new_empty" name="test_tensor_new_empty_normal_cases[False-None-None-size0]" time="0.975" /><testcase classname="test.api_test.test_Tensor_new_empty" name="test_tensor_new_empty_normal_cases[False-None-None-size1]" time="0.002" /><testcase classname="test.api_test.test_Tensor_new_empty" name="test_tensor_new_empty_normal_cases[False-None-None-4]" time="0.001" /><testcase classname="test.api_test.test_Tensor_new_empty" name="test_tensor_new_empty_normal_cases[False-None-None-size3]" time="0.001" /><testcase classname="test.api_test.test_Tensor_new_empty" name="test_tensor_new_empty_normal_cases[False-None-dtype_arg1-size0]" time="0.001" /><testcase classname="test.api_test.test_Tensor_new_empty" name="test_tensor_new_empty_normal_cases[False-None-dtype_arg1-size1]" time="0.001" /><testcase classname="test.api_test.test_Tensor_new_empty" name="test_tensor_new_empty_normal_cases[False-None-dtype_arg1-4]" time="0.001" /><testcase classname="test.api_test.test_Tensor_new_empty" name="test_tensor_new_empty_normal_cases[False-None-dtype_arg1-size3]" time="0.001" /><testcase classname="test.api_test.test_Tensor_new_empty" name="test_tensor_new_empty_normal_cases[False-device_arg1-None-size0]" time="0.001" /><testcase classname="test.api_test.test_Tensor_new_empty" name="test_tensor_new_empty_normal_cases[False-device_arg1-None-size1]" time="0.001" /><testcase classname="test.api_test.test_Tensor_new_empty" name="test_tensor_new_empty_normal_cases[False-device_arg1-None-4]" time="0.001" /><testcase classname="test.api_test.test_Tensor_new_empty" name="test_tensor_new_empty_normal_cases[False-device_arg1-None-size3]" time="0.001" /><testcase classname="test.api_test.test_Tensor_new_empty" name="test_tensor_new_empty_normal_cases[False-device_arg1-dtype_arg1-size0]" time="0.001" /><testcase classname="test.api_test.test_Tensor_new_empty" name="test_tensor_new_empty_normal_cases[False-device_arg1-dtype_arg1-size1]" time="0.001" /><testcase classname="test.api_test.test_Tensor_new_empty" name="test_tensor_new_empty_normal_cases[False-device_arg1-dtype_arg1-4]" time="0.001" /><testcase classname="test.api_test.test_Tensor_new_empty" name="test_tensor_new_empty_normal_cases[False-device_arg1-dtype_arg1-size3]" time="0.001" /><testcase classname="test.api_test.test_Tensor_new_empty" name="test_tensor_new_empty_normal_cases[True-None-None-size0]" time="0.001" /><testcase classname="test.api_test.test_Tensor_new_empty" name="test_tensor_new_empty_normal_cases[True-None-None-size1]" time="0.001" /><testcase classname="test.api_test.test_Tensor_new_empty" name="test_tensor_new_empty_normal_cases[True-None-None-4]" time="0.001" /><testcase classname="test.api_test.test_Tensor_new_empty" name="test_tensor_new_empty_normal_cases[True-None-None-size3]" time="0.001" /><testcase classname="test.api_test.test_Tensor_new_empty" name="test_tensor_new_empty_normal_cases[True-None-dtype_arg1-size0]" time="0.001" /><testcase classname="test.api_test.test_Tensor_new_empty" name="test_tensor_new_empty_normal_cases[True-None-dtype_arg1-size1]" time="0.001" /><testcase classname="test.api_test.test_Tensor_new_empty" name="test_tensor_new_empty_normal_cases[True-None-dtype_arg1-4]" time="0.001" /><testcase classname="test.api_test.test_Tensor_new_empty" name="test_tensor_new_empty_normal_cases[True-None-dtype_arg1-size3]" time="0.001" /><testcase classname="test.api_test.test_Tensor_new_empty" name="test_tensor_new_empty_normal_cases[True-device_arg1-None-size0]" time="0.001" /><testcase classname="test.api_test.test_Tensor_new_empty" name="test_tensor_new_empty_normal_cases[True-device_arg1-None-size1]" time="0.001" /><testcase classname="test.api_test.test_Tensor_new_empty" name="test_tensor_new_empty_normal_cases[True-device_arg1-None-4]" time="0.001" /><testcase classname="test.api_test.test_Tensor_new_empty" name="test_tensor_new_empty_normal_cases[True-device_arg1-None-size3]" time="0.001" /><testcase classname="test.api_test.test_Tensor_new_empty" name="test_tensor_new_empty_normal_cases[True-device_arg1-dtype_arg1-size0]" time="0.001" /><testcase classname="test.api_test.test_Tensor_new_empty" name="test_tensor_new_empty_normal_cases[True-device_arg1-dtype_arg1-size1]" time="0.001" /><testcase classname="test.api_test.test_Tensor_new_empty" name="test_tensor_new_empty_normal_cases[True-device_arg1-dtype_arg1-4]" time="0.001" /><testcase classname="test.api_test.test_Tensor_new_empty" name="test_tensor_new_empty_normal_cases[True-device_arg1-dtype_arg1-size3]" time="0.001" /><testcase classname="test.api_test.test_Tensor_new_empty" name="test_tensor_new_empty_explicit_int_dtype_on_npu" time="0.001" /><testcase classname="test.api_test.test_Tensor_new_empty" name="test_tensor_new_empty_explicit_none_dtype_and_device" time="0.001" /><testcase classname="test.api_test.test_Tensor_new_empty" name="test_tensor_new_empty_explicit_requires_grad_false" time="0.001" /><testcase classname="test.api_test.test_Tensor_new_empty" name="test_tensor_new_empty_invalid_requires_grad_type_raises[True]" time="0.001" /><testcase classname="test.api_test.test_Tensor_new_empty" name="test_tensor_new_empty_invalid_requires_grad_type_raises[1.5]" time="0.001" /><testcase classname="test.api_test.test_Tensor_new_empty" name="test_tensor_new_empty_invalid_requires_grad_type_raises[bad_requires_grad2]" time="0.001" /><testcase classname="test.api_test.test_Tensor_new_empty" name="test_tensor_new_empty_empty_shape_returns_scalar_tensor" time="0.001" /><testcase classname="test.api_test.test_Tensor_new_empty" name="test_tensor_new_empty_invalid_size_raises[bad_size0-RuntimeError]" time="0.001" /><testcase classname="test.api_test.test_Tensor_new_empty" name="test_tensor_new_empty_invalid_size_raises[bad_size1-RuntimeError]" time="0.001" /><testcase classname="test.api_test.test_Tensor_new_empty" name="test_tensor_new_empty_invalid_size_raises[abc-TypeError]" time="0.001" /><testcase classname="test.api_test.test_Tensor_new_empty" name="test_tensor_new_empty_invalid_size_raises[bad_size3-TypeError]" time="0.001" /><testcase classname="test.api_test.test_Tensor_new_empty" name="test_tensor_new_empty_invalid_dtype_type_raises" time="0.001" /><testcase classname="test.api_test.test_Tensor_new_empty" name="test_tensor_new_empty_invalid_device_type_raises" time="0.001" /><testcase classname="test.api_test.test_Tensor_new_empty" name="test_tensor_new_empty_requires_grad_with_int_dtype_raises" time="0.001" /><testcase classname="test.api_test.test_Tensor_new_empty" name="test_tensor_new_empty_explicit_layout_strided" time="0.001" /><testcase classname="test.api_test.test_Tensor_new_empty" name="test_tensor_new_empty_unsupported_layout_raises" time="0.001" /><testcase classname="test.api_test.test_Tensor_new_empty" name="test_tensor_new_empty_explicit_pin_memory_false" time="0.001" /><testcase classname="test.api_test.test_Tensor_new_empty" name="test_tensor_new_empty_invalid_pin_memory_type_raises[False]" time="0.001" /><testcase classname="test.api_test.test_Tensor_new_empty" name="test_tensor_new_empty_invalid_pin_memory_type_raises[1.5]" time="0.001" /><testcase classname="test.api_test.test_Tensor_new_empty" name="test_tensor_new_empty_invalid_pin_memory_type_raises[bad_pin_memory2]" time="0.001" /><testcase classname="test.api_test.test_Tensor_new_empty" name="test_tensor_new_empty_pin_memory_true_raises_on_npu" time="0.001" /><testcase classname="test.api_test.test_Tensor_new_empty" name="test_tensor_new_empty_accepts_torch_size_as_size" time="0.001" /><testcase classname="test.api_test.test_Tensor_new_empty" name="test_tensor_new_empty_high_dim_size_on_npu" time="0.001" /><testcase classname="test.api_test.test_Tensor_new_zeros" name="test_tensor_new_zeros_defaults_without_optional_kwargs" time="0.136" /><testcase classname="test.api_test.test_Tensor_new_zeros" name="test_tensor_new_zeros_normal_cases[False-None-None-4]" time="0.002" /><testcase classname="test.api_test.test_Tensor_new_zeros" name="test_tensor_new_zeros_normal_cases[False-None-None-size1]" time="0.002" /><testcase classname="test.api_test.test_Tensor_new_zeros" name="test_tensor_new_zeros_normal_cases[False-None-None-size2]" time="0.002" /><testcase classname="test.api_test.test_Tensor_new_zeros" name="test_tensor_new_zeros_normal_cases[False-None-None-size3]" time="0.002" /><testcase classname="test.api_test.test_Tensor_new_zeros" name="test_tensor_new_zeros_normal_cases[False-None-None-size4]" time="0.007" /><testcase classname="test.api_test.test_Tensor_new_zeros" name="test_tensor_new_zeros_normal_cases[False-None-dtype_arg1-4]" time="0.006" /><testcase classname="test.api_test.test_Tensor_new_zeros" name="test_tensor_new_zeros_normal_cases[False-None-dtype_arg1-size1]" time="0.003" /><testcase classname="test.api_test.test_Tensor_new_zeros" name="test_tensor_new_zeros_normal_cases[False-None-dtype_arg1-size2]" time="0.002" /><testcase classname="test.api_test.test_Tensor_new_zeros" name="test_tensor_new_zeros_normal_cases[False-None-dtype_arg1-size3]" time="0.001" /><testcase classname="test.api_test.test_Tensor_new_zeros" name="test_tensor_new_zeros_normal_cases[False-None-dtype_arg1-size4]" time="0.001" /><testcase classname="test.api_test.test_Tensor_new_zeros" name="test_tensor_new_zeros_normal_cases[False-device_arg1-None-4]" time="0.001" /><testcase classname="test.api_test.test_Tensor_new_zeros" name="test_tensor_new_zeros_normal_cases[False-device_arg1-None-size1]" time="0.001" /><testcase classname="test.api_test.test_Tensor_new_zeros" name="test_tensor_new_zeros_normal_cases[False-device_arg1-None-size2]" time="0.001" /><testcase classname="test.api_test.test_Tensor_new_zeros" name="test_tensor_new_zeros_normal_cases[False-device_arg1-None-size3]" time="0.001" /><testcase classname="test.api_test.test_Tensor_new_zeros" name="test_tensor_new_zeros_normal_cases[False-device_arg1-None-size4]" time="0.001" /><testcase classname="test.api_test.test_Tensor_new_zeros" name="test_tensor_new_zeros_normal_cases[False-device_arg1-dtype_arg1-4]" time="0.001" /><testcase classname="test.api_test.test_Tensor_new_zeros" name="test_tensor_new_zeros_normal_cases[False-device_arg1-dtype_arg1-size1]" time="0.001" /><testcase classname="test.api_test.test_Tensor_new_zeros" name="test_tensor_new_zeros_normal_cases[False-device_arg1-dtype_arg1-size2]" time="0.001" /><testcase classname="test.api_test.test_Tensor_new_zeros" name="test_tensor_new_zeros_normal_cases[False-device_arg1-dtype_arg1-size3]" time="0.001" /><testcase classname="test.api_test.test_Tensor_new_zeros" name="test_tensor_new_zeros_normal_cases[False-device_arg1-dtype_arg1-size4]" time="0.001" /><testcase classname="test.api_test.test_Tensor_new_zeros" name="test_tensor_new_zeros_normal_cases[True-None-None-4]" time="0.001" /><testcase classname="test.api_test.test_Tensor_new_zeros" name="test_tensor_new_zeros_normal_cases[True-None-None-size1]" time="0.001" /><testcase classname="test.api_test.test_Tensor_new_zeros" name="test_tensor_new_zeros_normal_cases[True-None-None-size2]" time="0.001" /><testcase classname="test.api_test.test_Tensor_new_zeros" name="test_tensor_new_zeros_normal_cases[True-None-None-size3]" time="0.001" /><testcase classname="test.api_test.test_Tensor_new_zeros" name="test_tensor_new_zeros_normal_cases[True-None-None-size4]" time="0.001" /><testcase classname="test.api_test.test_Tensor_new_zeros" name="test_tensor_new_zeros_normal_cases[True-None-dtype_arg1-4]" time="0.001" /><testcase classname="test.api_test.test_Tensor_new_zeros" name="test_tensor_new_zeros_normal_cases[True-None-dtype_arg1-size1]" time="0.001" /><testcase classname="test.api_test.test_Tensor_new_zeros" name="test_tensor_new_zeros_normal_cases[True-None-dtype_arg1-size2]" time="0.001" /><testcase classname="test.api_test.test_Tensor_new_zeros" name="test_tensor_new_zeros_normal_cases[True-None-dtype_arg1-size3]" time="0.001" /><testcase classname="test.api_test.test_Tensor_new_zeros" name="test_tensor_new_zeros_normal_cases[True-None-dtype_arg1-size4]" time="0.001" /><testcase classname="test.api_test.test_Tensor_new_zeros" name="test_tensor_new_zeros_normal_cases[True-device_arg1-None-4]" time="0.001" /><testcase classname="test.api_test.test_Tensor_new_zeros" name="test_tensor_new_zeros_normal_cases[True-device_arg1-None-size1]" time="0.001" /><testcase classname="test.api_test.test_Tensor_new_zeros" name="test_tensor_new_zeros_normal_cases[True-device_arg1-None-size2]" time="0.001" /><testcase classname="test.api_test.test_Tensor_new_zeros" name="test_tensor_new_zeros_normal_cases[True-device_arg1-None-size3]" time="0.001" /><testcase classname="test.api_test.test_Tensor_new_zeros" name="test_tensor_new_zeros_normal_cases[True-device_arg1-None-size4]" time="0.001" /><testcase classname="test.api_test.test_Tensor_new_zeros" name="test_tensor_new_zeros_normal_cases[True-device_arg1-dtype_arg1-4]" time="0.001" /><testcase classname="test.api_test.test_Tensor_new_zeros" name="test_tensor_new_zeros_normal_cases[True-device_arg1-dtype_arg1-size1]" time="0.001" /><testcase classname="test.api_test.test_Tensor_new_zeros" name="test_tensor_new_zeros_normal_cases[True-device_arg1-dtype_arg1-size2]" time="0.001" /><testcase classname="test.api_test.test_Tensor_new_zeros" name="test_tensor_new_zeros_normal_cases[True-device_arg1-dtype_arg1-size3]" time="0.001" /><testcase classname="test.api_test.test_Tensor_new_zeros" name="test_tensor_new_zeros_normal_cases[True-device_arg1-dtype_arg1-size4]" time="0.001" /><testcase classname="test.api_test.test_Tensor_new_zeros" name="test_tensor_new_zeros_varargs_size_form" time="0.001" /><testcase classname="test.api_test.test_Tensor_new_zeros" name="test_tensor_new_zeros_sparse_layout_on_npu" time="0.001" /><testcase classname="test.api_test.test_Tensor_new_zeros" name="test_tensor_new_zeros_explicit_int_dtype_on_npu" time="0.006" /><testcase classname="test.api_test.test_Tensor_new_zeros" name="test_tensor_new_zeros_pin_memory_true_raises_on_npu" time="0.001" /><testcase classname="test.api_test.test_Tensor_new_zeros" name="test_tensor_new_zeros_invalid_size_raises[-1-RuntimeError]" time="0.001" /><testcase classname="test.api_test.test_Tensor_new_zeros" name="test_tensor_new_zeros_invalid_size_raises[bad_size1-RuntimeError]" time="0.001" /><testcase classname="test.api_test.test_Tensor_new_zeros" name="test_tensor_new_zeros_invalid_size_raises[bad_size2-RuntimeError]" time="0.001" /><testcase classname="test.api_test.test_Tensor_new_zeros" name="test_tensor_new_zeros_invalid_size_raises[abc-TypeError]" time="0.001" /><testcase classname="test.api_test.test_Tensor_new_zeros" name="test_tensor_new_zeros_invalid_size_raises[bad_size4-TypeError]" time="0.001" /><testcase classname="test.api_test.test_Tensor_new_zeros" name="test_tensor_new_zeros_invalid_dtype_type_raises" time="0.001" /><testcase classname="test.api_test.test_Tensor_new_zeros" name="test_tensor_new_zeros_invalid_device_type_raises" time="0.002"><failure message="RuntimeError: exchangeDevice:build/CMakeFiles/torch_npu.dir/compiler_depend.ts:35 NPU function error: c10_npu::SetDevice(d.index()), error code is 107001&#10;[ERROR] 2026-03-23-23:36:40 (PID:500477, Device:0, RankID:-1) ERR00100 PTA call acl api failed&#10;[Error]: Invalid device ID.&#10;        Check whether the device ID is valid.&#10;[PID: 500477] 2026-03-23-23:36:40.201.362 Invalid_Argument(EE1003): SetDevice failed because value 123 for parameter drv devId is invalid. Expected value: [0, 8).&#10;        Solution: 1.Check the input parameter range of the function. 2.Check the function invocation relationship.&#10;        TraceBack (most recent call last):&#10;        rtSetDevice execution failed, reason=device id error[FUNC:FuncErrorReason][FILE:error_message_manage.cc][LINE:61]&#10;        open device 123 failed, runtime result = 107001.[FUNC:ReportCallError][FILE:log_inner.cpp][LINE:148]">npu_base_tensor = tensor([[1., 2.],
        [3., 4.]], device='npu:0')

    def test_tensor_new_zeros_invalid_device_type_raises(npu_base_tensor):
        """验证非法 device 类型时通过 pytest.raises 抛出异常。"""
        with pytest.raises(TypeError):
&gt;           npu_base_tensor.new_zeros((2, 2), device=123)
E           RuntimeError: exchangeDevice:build/CMakeFiles/torch_npu.dir/compiler_depend.ts:35 NPU function error: c10_npu::SetDevice(d.index()), error code is 107001
E           [ERROR] 2026-03-23-23:36:40 (PID:500477, Device:0, RankID:-1) ERR00100 PTA call acl api failed
E           [Error]: Invalid device ID.
E                   Check whether the device ID is valid.
E           [PID: 500477] 2026-03-23-23:36:40.201.362 Invalid_Argument(EE1003): SetDevice failed because value 123 for parameter drv devId is invalid. Expected value: [0, 8).
E                   Solution: 1.Check the input parameter range of the function. 2.Check the function invocation relationship.
E                   TraceBack (most recent call last):
E                   rtSetDevice execution failed, reason=device id error[FUNC:FuncErrorReason][FILE:error_message_manage.cc][LINE:61]
E                   open device 123 failed, runtime result = 107001.[FUNC:ReportCallError][FILE:log_inner.cpp][LINE:148]

test/api_test/test_Tensor_new_zeros.py:181: RuntimeError</failure></testcase><testcase classname="test.api_test.test_Tensor_new_zeros" name="test_tensor_new_zeros_invalid_optional_kwarg_types_raise[kwargs0]" time="0.001" /><testcase classname="test.api_test.test_Tensor_new_zeros" name="test_tensor_new_zeros_invalid_optional_kwarg_types_raise[kwargs1]" time="0.001" /><testcase classname="test.api_test.test_Tensor_new_zeros" name="test_tensor_new_zeros_invalid_optional_kwarg_types_raise[kwargs2]" time="0.001" /><testcase classname="test.api_test.test_Tensor_new_zeros" name="test_tensor_new_zeros_requires_grad_with_int_dtype_raises" time="0.001" /><testcase classname="test.api_test.test_Tensor_register_hook" name="test_tensor_register_hook_missing_argument_raises_type_error" time="0.001" /><testcase classname="test.api_test.test_Tensor_register_hook" name="test_tensor_register_hook_none_argument_raises_type_error" time="0.025" /><testcase classname="test.api_test.test_Tensor_register_hook" name="test_tensor_register_hook_lambda_return_tensor_and_remove" time="0.012" /><testcase classname="test.api_test.test_Tensor_register_hook" name="test_tensor_register_hook_function_return_none_on_nonleaf" time="0.001" /><testcase classname="test.api_test.test_Tensor_register_hook" name="test_tensor_register_hook_multiple_hooks_with_callable_class_and_modify_grad" time="0.002" /><testcase classname="test.api_test.test_Tensor_register_hook" name="test_tensor_register_hook_non_callable_raises_type_error" time="0.001" /><testcase classname="test.api_test.test_Tensor_register_hook" name="test_tensor_register_hook_invalid_return_type_raises_type_error" time="0.001" /><testcase classname="test.api_test.test_Tensor_register_hook" name="test_tensor_register_hook_tensor_without_requires_grad_raises" time="0.001" /><testcase classname="test.api_test.test_Tensor_requires_grad" name="test_tensor_requires_grad_default_false_scalar_tensor" time="0.001" /><testcase classname="test.api_test.test_Tensor_requires_grad" name="test_tensor_requires_grad_empty_tensor_creation_true" time="0.001" /><testcase classname="test.api_test.test_Tensor_requires_grad" name="test_tensor_requires_grad_inplace_setter_on_leaf_can_toggle" time="0.002" /><testcase classname="test.api_test.test_Tensor_requires_grad" name="test_tensor_requires_grad_property_set_true_on_npu_float_tensor" time="0.001" /><testcase classname="test.api_test.test_Tensor_requires_grad" name="test_tensor_requires_grad_property_set_none_raises" time="0.001" /><testcase classname="test.api_test.test_Tensor_requires_grad" name="test_tensor_requires_grad_int_dtype_with_true_raises" time="0.001" /><testcase classname="test.api_test.test_Tensor_requires_grad" name="test_tensor_requires_grad_on_non_leaf_raises" time="0.001" /><testcase classname="test.api_test.test_Tensor_requires_grad" name="test_tensor_requires_grad_detach_resets_and_allows_reenable" time="0.001" /><testcase classname="test.api_test.test_Tensor_untyped_storage" name="test_untyped_storage_normal_contiguous_cases[shape0-dtype0]" time="0.007" /><testcase classname="test.api_test.test_Tensor_untyped_storage" name="test_untyped_storage_normal_contiguous_cases[shape0-dtype1]" time="0.001" /><testcase classname="test.api_test.test_Tensor_untyped_storage" name="test_untyped_storage_normal_contiguous_cases[shape0-dtype2]" time="0.001" /><testcase classname="test.api_test.test_Tensor_untyped_storage" name="test_untyped_storage_normal_contiguous_cases[shape0-dtype3]" time="0.001" /><testcase classname="test.api_test.test_Tensor_untyped_storage" name="test_untyped_storage_normal_contiguous_cases[shape0-dtype4]" time="0.001" /><testcase classname="test.api_test.test_Tensor_untyped_storage" name="test_untyped_storage_normal_contiguous_cases[shape1-dtype0]" time="0.001" /><testcase classname="test.api_test.test_Tensor_untyped_storage" name="test_untyped_storage_normal_contiguous_cases[shape1-dtype1]" time="0.001" /><testcase classname="test.api_test.test_Tensor_untyped_storage" name="test_untyped_storage_normal_contiguous_cases[shape1-dtype2]" time="0.001" /><testcase classname="test.api_test.test_Tensor_untyped_storage" name="test_untyped_storage_normal_contiguous_cases[shape1-dtype3]" time="0.001" /><testcase classname="test.api_test.test_Tensor_untyped_storage" name="test_untyped_storage_normal_contiguous_cases[shape1-dtype4]" time="0.001" /><testcase classname="test.api_test.test_Tensor_untyped_storage" name="test_untyped_storage_normal_contiguous_cases[shape2-dtype0]" time="0.001" /><testcase classname="test.api_test.test_Tensor_untyped_storage" name="test_untyped_storage_normal_contiguous_cases[shape2-dtype1]" time="0.001" /><testcase classname="test.api_test.test_Tensor_untyped_storage" name="test_untyped_storage_normal_contiguous_cases[shape2-dtype2]" time="0.001" /><testcase classname="test.api_test.test_Tensor_untyped_storage" name="test_untyped_storage_normal_contiguous_cases[shape2-dtype3]" time="0.001" /><testcase classname="test.api_test.test_Tensor_untyped_storage" name="test_untyped_storage_normal_contiguous_cases[shape2-dtype4]" time="0.001" /><testcase classname="test.api_test.test_Tensor_untyped_storage" name="test_untyped_storage_scalar_boundary_case[dtype0]" time="0.001" /><testcase classname="test.api_test.test_Tensor_untyped_storage" name="test_untyped_storage_scalar_boundary_case[dtype1]" time="0.001" /><testcase classname="test.api_test.test_Tensor_untyped_storage" name="test_untyped_storage_scalar_boundary_case[dtype2]" time="0.001" /><testcase classname="test.api_test.test_Tensor_untyped_storage" name="test_untyped_storage_scalar_boundary_case[dtype3]" time="0.001" /><testcase classname="test.api_test.test_Tensor_untyped_storage" name="test_untyped_storage_scalar_boundary_case[dtype4]" time="0.001" /><testcase classname="test.api_test.test_Tensor_untyped_storage" name="test_untyped_storage_rejects_extra_arguments" time="0.001" /><testcase classname="test.api_test.test_Tensor_untyped_storage" name="test_untyped_storage_empty_tensor_boundary_case[dtype0]" time="0.001" /><testcase classname="test.api_test.test_Tensor_untyped_storage" name="test_untyped_storage_empty_tensor_boundary_case[dtype1]" time="0.001" /><testcase classname="test.api_test.test_Tensor_untyped_storage" name="test_untyped_storage_empty_tensor_boundary_case[dtype2]" time="0.001" /><testcase classname="test.api_test.test_Tensor_untyped_storage" name="test_untyped_storage_empty_tensor_boundary_case[dtype3]" time="0.001" /><testcase classname="test.api_test.test_Tensor_untyped_storage" name="test_untyped_storage_empty_tensor_boundary_case[dtype4]" time="0.001" /><testcase classname="test.api_test.test_Tensor_untyped_storage" name="test_untyped_storage_non_contiguous_view_shares_storage[dtype0]" time="0.001" /><testcase classname="test.api_test.test_Tensor_untyped_storage" name="test_untyped_storage_non_contiguous_view_shares_storage[dtype1]" time="0.001" /><testcase classname="test.api_test.test_Tensor_untyped_storage" name="test_untyped_storage_non_contiguous_view_shares_storage[dtype2]" time="0.001" /><testcase classname="test.api_test.test_Tensor_untyped_storage" name="test_untyped_storage_non_contiguous_view_shares_storage[dtype3]" time="0.001" /><testcase classname="test.api_test.test_Tensor_untyped_storage" name="test_untyped_storage_non_contiguous_view_shares_storage[dtype4]" time="0.001" /><testcase classname="test.api_test.test_Tensor_untyped_storage" name="test_untyped_storage_returns_same_storage_object_for_multiple_views" time="0.001" /><testcase classname="test.api_test.test___future___get_swap_module_params_on_conversion" name="test_get_swap_module_params_on_conversion_default_returns_false_in_fresh_process" time="7.907" /><testcase classname="test.api_test.test___future___get_swap_module_params_on_conversion" name="test_get_swap_module_params_on_conversion_returns_current_bool" time="0.001" /><testcase classname="test.api_test.test___future___get_swap_module_params_on_conversion" name="test_get_swap_module_params_on_conversion_round_trip[True]" time="0.001" /><testcase classname="test.api_test.test___future___get_swap_module_params_on_conversion" name="test_get_swap_module_params_on_conversion_round_trip[False]" time="0.001" /><testcase classname="test.api_test.test___future___get_swap_module_params_on_conversion" name="test_get_swap_module_params_on_conversion_wrong_args_raises[call_args0-call_kwargs0]" time="0.001" /><testcase classname="test.api_test.test___future___get_swap_module_params_on_conversion" name="test_get_swap_module_params_on_conversion_wrong_args_raises[call_args1-call_kwargs1]" time="0.001" /><testcase classname="test.api_test.test___future___get_swap_module_params_on_conversion" name="test_get_swap_module_params_on_conversion_wrong_args_raises[call_args2-call_kwargs2]" time="0.001" /><testcase classname="test.api_test.test___future___get_swap_module_params_on_conversion" name="test_get_swap_module_params_on_conversion_wrong_args_raises[call_args3-call_kwargs3]" time="0.001" /><testcase classname="test.api_test.test__sync" name="test_torch_sync_functional_tensor_normal_cases_on_npu[float32_1d]" time="0.001" /><testcase classname="test.api_test.test__sync" name="test_torch_sync_functional_tensor_normal_cases_on_npu[int64_2d]" time="0.001" /><testcase classname="test.api_test.test__sync" name="test_torch_sync_functional_tensor_normal_cases_on_npu[bool_scalar]" time="0.001" /><testcase classname="test.api_test.test__sync" name="test_torch_sync_functional_tensor_normal_cases_on_npu[float32_empty]" time="0.001" /><testcase classname="test.api_test.test__sync" name="test_torch_sync_regular_tensor_raises_runtime_error[float32_1d]" time="0.001" /><testcase classname="test.api_test.test__sync" name="test_torch_sync_regular_tensor_raises_runtime_error[int64_2d]" time="0.001" /><testcase classname="test.api_test.test__sync" name="test_torch_sync_regular_tensor_raises_runtime_error[bool_scalar]" time="0.001" /><testcase classname="test.api_test.test__sync" name="test_torch_sync_regular_tensor_raises_runtime_error[float32_empty]" time="0.001" /><testcase classname="test.api_test.test__sync" name="test_torch_sync_functional_tensor_makes_pending_view_mutation_observable" time="0.003" /><testcase classname="test.api_test.test__sync" name="test_torch_sync_no_arguments_raises" time="0.001" /><testcase classname="test.api_test.test__sync" name="test_torch_sync_non_tensor_argument_raises[None]" time="0.001" /><testcase classname="test.api_test.test__sync" name="test_torch_sync_non_tensor_argument_raises[123]" time="0.001" /><testcase classname="test.api_test.test__sync" name="test_torch_sync_non_tensor_argument_raises[abc]" time="0.001" /><testcase classname="test.api_test.test__sync" name="test_torch_sync_non_tensor_argument_raises[bad_arg3]" time="0.001" /><testcase classname="test.api_test.test_autograd_Variable__execution_engine_queue_callback" name="test_queue_callback_missing_argument_raises_type_error" time="0.010" /><testcase classname="test.api_test.test_autograd_Variable__execution_engine_queue_callback" name="test_queue_callback_invoked_after_backward_on_npu[function]" time="0.002" /><testcase classname="test.api_test.test_autograd_Variable__execution_engine_queue_callback" name="test_queue_callback_invoked_after_backward_on_npu[lambda]" time="0.001" /><testcase classname="test.api_test.test_autograd_Variable__execution_engine_queue_callback" name="test_queue_callback_callable_object_invoked_on_npu" time="0.001" /><testcase classname="test.api_test.test_autograd_Variable__execution_engine_queue_callback" name="test_queue_callback_multiple_callbacks_are_all_invoked_on_npu" time="0.001" /><testcase classname="test.api_test.test_autograd_Variable__execution_engine_queue_callback" name="test_queue_callback_callable_with_required_argument_raises_on_backward" time="0.001" /><testcase classname="test.api_test.test_autograd_Variable__execution_engine_queue_callback" name="test_queue_callback_non_callable_raises_type_error[123]" time="0.001" /><testcase classname="test.api_test.test_autograd_Variable__execution_engine_queue_callback" name="test_queue_callback_non_callable_raises_type_error[None]" time="0.001" /><testcase classname="test.api_test.test_compiler_is_compiling" name="test_torch_compiler_is_compiling_callable_and_return_false_outside_compile" time="0.001" /><testcase classname="test.api_test.test_compiler_is_compiling" name="test_torch_compiler_is_compiling_with_arguments_raises_typeerror" time="0.001" /><testcase classname="test.api_test.test_compiler_is_compiling" name="test_torch_compiler_is_compiling_inside_compile_region_if_supported" time="0.111" /><testcase classname="test.api_test.test_dtype" name="test_dtype_attributes_and_isinstance[dtype0-True-False-True-4-1.5]" time="0.001" /><testcase classname="test.api_test.test_dtype" name="test_dtype_attributes_and_isinstance[dtype1-True-False-True-8-1.5]" time="0.001" /><testcase classname="test.api_test.test_dtype" name="test_dtype_attributes_and_isinstance[dtype2-True-False-True-2-1.5]" time="0.001" /><testcase classname="test.api_test.test_dtype" name="test_dtype_attributes_and_isinstance[dtype3-True-False-True-2-1.5]" time="0.001" /><testcase classname="test.api_test.test_dtype" name="test_dtype_attributes_and_isinstance[dtype4-False-False-True-1-3]" time="0.001" /><testcase classname="test.api_test.test_dtype" name="test_dtype_attributes_and_isinstance[dtype5-False-False-True-2-3]" time="0.001" /><testcase classname="test.api_test.test_dtype" name="test_dtype_attributes_and_isinstance[dtype6-False-False-True-4-3]" time="0.001" /><testcase classname="test.api_test.test_dtype" name="test_dtype_attributes_and_isinstance[dtype7-False-False-True-8-3]" time="0.001" /><testcase classname="test.api_test.test_dtype" name="test_dtype_attributes_and_isinstance[dtype8-False-False-False-1-True]" time="0.001" /><testcase classname="test.api_test.test_dtype" name="test_dtype_attributes_and_isinstance[dtype9-False-False-False-1-3]" time="0.001" /><testcase classname="test.api_test.test_dtype" name="test_dtype_attributes_and_isinstance[dtype10-False-True-True-8-(1+2j)]" time="0.001" /><testcase classname="test.api_test.test_dtype" name="test_dtype_attributes_and_isinstance[dtype11-False-True-True-16-(1+2j)]" time="0.001" /><testcase classname="test.api_test.test_dtype" name="test_dtype_enum_instances[bool-dtype0]" time="0.001" /><testcase classname="test.api_test.test_dtype" name="test_dtype_enum_instances[uint8-dtype1]" time="0.001" /><testcase classname="test.api_test.test_dtype" name="test_dtype_enum_instances[int8-dtype2]" time="0.001" /><testcase classname="test.api_test.test_dtype" name="test_dtype_enum_instances[int16-dtype3]" time="0.001" /><testcase classname="test.api_test.test_dtype" name="test_dtype_enum_instances[int32-dtype4]" time="0.001" /><testcase classname="test.api_test.test_dtype" name="test_dtype_enum_instances[int64-dtype5]" time="0.001" /><testcase classname="test.api_test.test_dtype" name="test_dtype_enum_instances[float16-dtype6]" time="0.001" /><testcase classname="test.api_test.test_dtype" name="test_dtype_enum_instances[float32-dtype7]" time="0.001" /><testcase classname="test.api_test.test_dtype" name="test_dtype_enum_instances[float64-dtype8]" time="0.001" /><testcase classname="test.api_test.test_dtype" name="test_dtype_enum_instances[bfloat16-dtype9]" time="0.001" /><testcase classname="test.api_test.test_dtype" name="test_dtype_enum_instances[complex64-dtype10]" time="0.001" /><testcase classname="test.api_test.test_dtype" name="test_dtype_enum_instances[complex128-dtype11]" time="0.001" /><testcase classname="test.api_test.test_dtype" name="test_dtype_enum_instances[uint16-dtype12]" time="0.001" /><testcase classname="test.api_test.test_dtype" name="test_dtype_enum_instances[uint32-dtype13]" time="0.001" /><testcase classname="test.api_test.test_dtype" name="test_dtype_enum_instances[uint64-dtype14]" time="0.001" /><testcase classname="test.api_test.test_dtype" name="test_dtype_enum_instances[complex32-dtype15]" time="0.001" /><testcase classname="test.api_test.test_dtype" name="test_dtype_enum_instances[float8_e4m3fn-dtype16]" time="0.001" /><testcase classname="test.api_test.test_dtype" name="test_dtype_enum_instances[float8_e4m3fnuz-dtype17]" time="0.001" /><testcase classname="test.api_test.test_dtype" name="test_dtype_enum_instances[float8_e5m2-dtype18]" time="0.001" /><testcase classname="test.api_test.test_dtype" name="test_dtype_enum_instances[float8_e5m2fnuz-dtype19]" time="0.001" /><testcase classname="test.api_test.test_dtype" name="test_dtype_equality_and_inequality[left0-right0-True]" time="0.001" /><testcase classname="test.api_test.test_dtype" name="test_dtype_equality_and_inequality[left1-right1-False]" time="0.001" /><testcase classname="test.api_test.test_dtype" name="test_dtype_equality_and_inequality[left2-right2-False]" time="0.001" /><testcase classname="test.api_test.test_dtype" name="test_dtype_equality_and_inequality[left3-right3-False]" time="0.001" /><testcase classname="test.api_test.test_dtype" name="test_dtype_equality_and_inequality[left4-right4-False]" time="0.001" /><testcase classname="test.api_test.test_dtype" name="test_dtype_equality_and_inequality[left5-right5-False]" time="0.001" /><testcase classname="test.api_test.test_dtype" name="test_dtype_can_be_used_as_tensor_dtype_argument" time="0.001" /><testcase classname="test.api_test.test_dtype" name="test_dtype_none_equals_omitted[sample0]" time="0.001" /><testcase classname="test.api_test.test_dtype" name="test_dtype_none_equals_omitted[sample1]" time="0.001" /><testcase classname="test.api_test.test_dtype" name="test_dtype_none_equals_omitted[sample2]" time="0.001" /><testcase classname="test.api_test.test_dtype" name="test_dtype_is_not_callable_as_constructor" time="0.001" /><testcase classname="test.api_test.test_dtype" name="test_tensor_invalid_dtype_string_raises" time="0.001" /><testcase classname="test.api_test.test_dtype" name="test_tensor_invalid_dtype_object_raises" time="0.001" /><testcase classname="test.api_test.test_Event" name="test_torch_event_constructor_and_basic_lifecycle_on_npu" time="0.014" /><testcase classname="test.api_test.test_Event" name="test_torch_event_record_and_wait_have_observable_stream_semantics" time="0.003" /><testcase classname="test.api_test.test_Event" name="test_torch_event_elapsed_time_when_enable_timing[None]" time="0.001"><skipped type="pytest.skip" message="当前 NPU 后端不支持 Event.elapsed_time，跳过相关用例。">/home/l00913161/projects/pta_testcase/test/api_test/test_Event.py:83: 当前 NPU 后端不支持 Event.elapsed_time，跳过相关用例。</skipped></testcase><testcase classname="test.api_test.test_Event" name="test_torch_event_elapsed_time_when_enable_timing[npu]" time="0.007"><skipped type="pytest.skip" message="当前 NPU 后端不支持 Event.elapsed_time，跳过相关用例。">/home/l00913161/projects/pta_testcase/test/api_test/test_Event.py:83: 当前 NPU 后端不支持 Event.elapsed_time，跳过相关用例。</skipped></testcase><testcase classname="test.api_test.test_Event" name="test_torch_event_elapsed_time_when_enable_timing[npu:0]" time="0.001"><skipped type="pytest.skip" message="当前 NPU 后端不支持 Event.elapsed_time，跳过相关用例。">/home/l00913161/projects/pta_testcase/test/api_test/test_Event.py:83: 当前 NPU 后端不支持 Event.elapsed_time，跳过相关用例。</skipped></testcase><testcase classname="test.api_test.test_Event" name="test_torch_event_invalid_device_raises" time="0.001" /><testcase classname="test.api_test.test_Event" name="test_torch_event_invalid_enable_timing_type_raises" time="0.001" /><testcase classname="test.api_test.test_Event" name="test_torch_event_invalid_method_arguments_raise" time="0.001" /><testcase classname="test.api_test.test_Event" name="test_torch_event_elapsed_time_without_enable_timing_raises" time="0.001"><skipped type="pytest.skip" message="当前 NPU 后端不支持 Event.elapsed_time，跳过相关用例。">/home/l00913161/projects/pta_testcase/test/api_test/test_Event.py:83: 当前 NPU 后端不支持 Event.elapsed_time，跳过相关用例。</skipped></testcase><testcase classname="test.api_test.test_library_impl" name="test_torch_library_impl_register_and_dispatch_on_npu[omitted-NPU]" time="0.002" /><testcase classname="test.api_test.test_library_impl" name="test_torch_library_impl_register_and_dispatch_on_npu[omitted-default]" time="0.002" /><testcase classname="test.api_test.test_library_impl" name="test_torch_library_impl_register_and_dispatch_on_npu[omitted-types_arg2]" time="0.002" /><testcase classname="test.api_test.test_library_impl" name="test_torch_library_impl_register_and_dispatch_on_npu[none-NPU]" time="0.001" /><testcase classname="test.api_test.test_library_impl" name="test_torch_library_impl_register_and_dispatch_on_npu[none-default]" time="0.002" /><testcase classname="test.api_test.test_library_impl" name="test_torch_library_impl_register_and_dispatch_on_npu[none-types_arg2]" time="0.001" /><testcase classname="test.api_test.test_library_impl" name="test_torch_library_impl_register_and_dispatch_on_npu[object-NPU]" time="0.001" /><testcase classname="test.api_test.test_library_impl" name="test_torch_library_impl_register_and_dispatch_on_npu[object-default]" time="0.001" /><testcase classname="test.api_test.test_library_impl" name="test_torch_library_impl_register_and_dispatch_on_npu[object-types_arg2]" time="0.001" /><testcase classname="test.api_test.test_library_impl" name="test_torch_library_impl_register_by_decorator_on_npu[omitted-NPU]" time="0.001" /><testcase classname="test.api_test.test_library_impl" name="test_torch_library_impl_register_by_decorator_on_npu[omitted-default]" time="0.002" /><testcase classname="test.api_test.test_library_impl" name="test_torch_library_impl_register_by_decorator_on_npu[omitted-types_arg2]" time="0.002" /><testcase classname="test.api_test.test_library_impl" name="test_torch_library_impl_register_by_decorator_on_npu[none-NPU]" time="0.001" /><testcase classname="test.api_test.test_library_impl" name="test_torch_library_impl_register_by_decorator_on_npu[none-default]" time="0.002" /><testcase classname="test.api_test.test_library_impl" name="test_torch_library_impl_register_by_decorator_on_npu[none-types_arg2]" time="0.001" /><testcase classname="test.api_test.test_library_impl" name="test_torch_library_impl_register_by_decorator_on_npu[object-NPU]" time="0.001" /><testcase classname="test.api_test.test_library_impl" name="test_torch_library_impl_register_by_decorator_on_npu[object-default]" time="0.001" /><testcase classname="test.api_test.test_library_impl" name="test_torch_library_impl_register_by_decorator_on_npu[object-types_arg2]" time="0.001" /><testcase classname="test.api_test.test_library_impl" name="test_torch_library_impl_register_by_decorator_without_func_kwarg_on_npu[omitted-NPU]" time="0.001" /><testcase classname="test.api_test.test_library_impl" name="test_torch_library_impl_register_by_decorator_without_func_kwarg_on_npu[omitted-default]" time="0.002" /><testcase classname="test.api_test.test_library_impl" name="test_torch_library_impl_register_by_decorator_without_func_kwarg_on_npu[omitted-types_arg2]" time="0.002" /><testcase classname="test.api_test.test_library_impl" name="test_torch_library_impl_register_by_decorator_without_func_kwarg_on_npu[none-NPU]" time="0.001" /><testcase classname="test.api_test.test_library_impl" name="test_torch_library_impl_register_by_decorator_without_func_kwarg_on_npu[none-default]" time="0.002" /><testcase classname="test.api_test.test_library_impl" name="test_torch_library_impl_register_by_decorator_without_func_kwarg_on_npu[none-types_arg2]" time="0.001" /><testcase classname="test.api_test.test_library_impl" name="test_torch_library_impl_register_by_decorator_without_func_kwarg_on_npu[object-NPU]" time="0.001" /><testcase classname="test.api_test.test_library_impl" name="test_torch_library_impl_register_by_decorator_without_func_kwarg_on_npu[object-default]" time="0.001" /><testcase classname="test.api_test.test_library_impl" name="test_torch_library_impl_register_by_decorator_without_func_kwarg_on_npu[object-types_arg2]" time="0.001" /><testcase classname="test.api_test.test_library_impl" name="test_torch_library_impl_invalid_qualname_raises[None]" time="0.001" /><testcase classname="test.api_test.test_library_impl" name="test_torch_library_impl_invalid_qualname_raises[123]" time="0.001" /><testcase classname="test.api_test.test_library_impl" name="test_torch_library_impl_invalid_qualname_raises[badname]" time="0.001" /><testcase classname="test.api_test.test_library_impl" name="test_torch_library_impl_invalid_qualname_raises[a::]" time="0.001" /><testcase classname="test.api_test.test_library_impl" name="test_torch_library_impl_invalid_qualname_raises[::op]" time="0.001" /><testcase classname="test.api_test.test_library_impl" name="test_torch_library_impl_non_callable_func_raises[123]" time="0.001" /><testcase classname="test.api_test.test_library_impl" name="test_torch_library_impl_non_callable_func_raises[abc]" time="0.001" /><testcase classname="test.api_test.test_library_impl" name="test_torch_library_impl_non_callable_func_raises[bad_func2]" time="0.001" /><testcase classname="test.api_test.test_library_impl" name="test_torch_library_impl_invalid_types_raises[]" time="0.001" /><testcase classname="test.api_test.test_library_impl" name="test_torch_library_impl_invalid_types_raises[123]" time="0.001" /><testcase classname="test.api_test.test_library_impl" name="test_torch_library_impl_invalid_types_raises[bad_types2]" time="0.001" /><testcase classname="test.api_test.test_library_impl" name="test_torch_library_impl_invalid_types_raises[bad_types3]" time="0.001" /><testcase classname="test.api_test.test_library_impl" name="test_torch_library_impl_invalid_lib_raises[bad_lib0]" time="0.001" /><testcase classname="test.api_test.test_library_impl" name="test_torch_library_impl_invalid_lib_raises[not_a_library]" time="0.001" /><testcase classname="test.api_test.test_library_impl" name="test_torch_library_impl_invalid_lib_raises[123]" time="0.001" /><testcase classname="test.api_test.test_library_Library" name="test_library_constructor_default_dispatch_key_on_npu[DEF]" time="0.002" /><testcase classname="test.api_test.test_library_Library" name="test_library_constructor_default_dispatch_key_on_npu[IMPL]" time="0.001" /><testcase classname="test.api_test.test_library_Library" name="test_library_constructor_default_dispatch_key_on_npu[FRAGMENT]" time="0.001" /><testcase classname="test.api_test.test_library_Library" name="test_library_constructor_explicit_dispatch_key_on_npu" time="0.003" /><testcase classname="test.api_test.test_library_Library" name="test_library_define_alias_analysis_tags_and_errors_on_npu" time="0.002" /><testcase classname="test.api_test.test_library_Library" name="test_library_impl_string_opoverload_with_keyset_and_duplicate_errors_on_npu" time="0.002" /><testcase classname="test.api_test.test_library_Library" name="test_library_invalid_kind_opname_and_empty_namespace_call_on_npu" time="0.002" /><testcase classname="test.api_test.test_nn_Module_buffers" name="test_module_buffers_recurse_true_includes_root_and_nested_buffers[default]" time="0.003" /><testcase classname="test.api_test.test_nn_Module_buffers" name="test_module_buffers_recurse_true_includes_root_and_nested_buffers[explicit_true]" time="0.002" /><testcase classname="test.api_test.test_nn_Module_buffers" name="test_module_buffers_recurse_false_only_returns_direct_buffer" time="0.002" /><testcase classname="test.api_test.test_nn_Module_buffers" name="test_module_buffers_recurse_none_behaves_like_false" time="0.001" /><testcase classname="test.api_test.test_nn_Module_buffers" name="test_module_buffers_empty_module_returns_empty_iterator" time="0.001" /><testcase classname="test.api_test.test_nn_Module_buffers" name="test_module_buffers_after_to_npu_buffers_are_on_npu" time="0.002" /><testcase classname="test.api_test.test_nn_Module_buffers" name="test_module_buffers_invalid_recurse_type_raises" time="0.001" /><testcase classname="test.api_test.test_nn_Module_modules" name="test_module_modules_normal_cases[_build_single_module-1]" time="0.001" /><testcase classname="test.api_test.test_nn_Module_modules" name="test_module_modules_normal_cases[_build_sequential_module-6]" time="0.002" /><testcase classname="test.api_test.test_nn_Module_modules" name="test_module_modules_normal_cases[_build_shared_submodule-2]" time="0.001" /><testcase classname="test.api_test.test_nn_Module_modules" name="test_module_modules_empty_sequential_boundary" time="0.001" /><testcase classname="test.api_test.test_nn_Module_modules" name="test_module_modules_after_to_npu_parameters_on_npu" time="0.001" /><testcase classname="test.api_test.test_nn_Module_modules" name="test_module_modules_invalid_argument_raises[kwargs0-args0]" time="0.001" /><testcase classname="test.api_test.test_nn_Module_modules" name="test_module_modules_invalid_argument_raises[kwargs1-args1]" time="0.001" /><testcase classname="test.api_test.test_nn_Module_named_modules" name="test_named_modules_default_args_and_nested_shared_remove_duplicate_true" time="0.002" /><testcase classname="test.api_test.test_nn_Module_named_modules" name="test_named_modules_explicit_none_and_empty_memo_matches_default" time="0.002" /><testcase classname="test.api_test.test_nn_Module_named_modules" name="test_named_modules_with_preseeded_memo_skips_seeded_shared_module" time="0.002" /><testcase classname="test.api_test.test_nn_Module_named_modules" name="test_named_modules_with_prefix_myprefix" time="0.002" /><testcase classname="test.api_test.test_nn_Module_named_modules" name="test_named_modules_with_explicit_default_args" time="0.002" /><testcase classname="test.api_test.test_nn_Module_named_modules" name="test_named_modules_remove_duplicate_false_exposes_shared_submodule_twice" time="0.002" /><testcase classname="test.api_test.test_nn_Module_named_modules" name="test_named_modules_invalid_memo_raises_type_error" time="0.002" /><testcase classname="test.api_test.test_nn_Module_named_modules" name="test_named_modules_invalid_prefix_raises_type_error" time="0.002" /><testcase classname="test.api_test.test_nn_Module_named_parameters" name="test_named_parameters_default_args_on_linear" time="0.001" /><testcase classname="test.api_test.test_nn_Module_named_parameters" name="test_named_parameters_explicit_default_args_on_linear" time="0.001" /><testcase classname="test.api_test.test_nn_Module_named_parameters" name="test_named_parameters_empty_module_returns_empty_iterator" time="0.001" /><testcase classname="test.api_test.test_nn_Module_named_parameters" name="test_named_parameters_prefix_custom_on_nested_module" time="0.002" /><testcase classname="test.api_test.test_nn_Module_named_parameters" name="test_named_parameters_recurse_false_only_direct_parameters" time="0.002" /><testcase classname="test.api_test.test_nn_Module_named_parameters" name="test_named_parameters_recurse_true_on_nested_module" time="0.002" /><testcase classname="test.api_test.test_nn_Module_named_parameters" name="test_named_parameters_recurse_none_behaves_like_false" time="0.002" /><testcase classname="test.api_test.test_nn_Module_named_parameters" name="test_named_parameters_remove_duplicate_true_deduplicates_shared_parameter" time="0.002" /><testcase classname="test.api_test.test_nn_Module_named_parameters" name="test_named_parameters_remove_duplicate_false_keeps_shared_aliases" time="0.002" /><testcase classname="test.api_test.test_nn_Module_named_parameters" name="test_named_parameters_remove_duplicate_none_keeps_shared_aliases" time="0.002" /><testcase classname="test.api_test.test_nn_Module_named_parameters" name="test_named_parameters_invalid_prefix_type_raises[None]" time="0.001" /><testcase classname="test.api_test.test_nn_Module_named_parameters" name="test_named_parameters_invalid_prefix_type_raises[1]" time="0.001" /><testcase classname="test.api_test.test_nn_Module_register_forward_hook" name="test_register_forward_hook_function_default_prepend_false_and_remove" time="0.001" /><testcase classname="test.api_test.test_nn_Module_register_forward_hook" name="test_register_forward_hook_none_hook_raises_type_error_on_call" time="0.001" /><testcase classname="test.api_test.test_nn_Module_register_forward_hook" name="test_register_forward_hook_lambda_prepend_true_orders_before_existing_hooks" time="0.001" /><testcase classname="test.api_test.test_nn_Module_register_forward_hook" name="test_register_forward_hook_prepend_false_explicitly_passed" time="0.001" /><testcase classname="test.api_test.test_nn_Module_register_forward_hook" name="test_register_forward_hook_with_kwargs_true_receives_kwargs" time="0.001" /><testcase classname="test.api_test.test_nn_Module_register_forward_hook" name="test_register_forward_hook_with_kwargs_false_receives_positional_inputs" time="0.001" /><testcase classname="test.api_test.test_nn_Module_register_forward_hook" name="test_register_forward_hook_with_kwargs_default_omitted" time="0.001" /><testcase classname="test.api_test.test_nn_Module_register_forward_hook" name="test_register_forward_hook_always_call_true_runs_on_forward_error" time="0.001" /><testcase classname="test.api_test.test_nn_Module_register_forward_hook" name="test_register_forward_hook_always_call_default_omitted_does_not_run_on_forward_error" time="0.001" /><testcase classname="test.api_test.test_nn_Module_register_forward_hook" name="test_register_forward_hook_always_call_false_does_not_run_on_forward_error" time="0.001" /><testcase classname="test.api_test.test_nn_Module_register_forward_hook" name="test_register_forward_hook_modify_output_returns_tensor_on_npu" time="0.001" /><testcase classname="test.api_test.test_nn_Module_register_forward_hook" name="test_register_forward_hook_non_callable_raises_type_error" time="0.001" /><testcase classname="test.api_test.test_nn_Module_register_forward_pre_hook" name="test_module_register_forward_pre_hook_function_default_prepend_and_remove" time="0.006" /><testcase classname="test.api_test.test_nn_Module_register_forward_pre_hook" name="test_module_register_forward_pre_hook_single_value_return_is_wrapped_to_tuple" time="0.002" /><testcase classname="test.api_test.test_nn_Module_register_forward_pre_hook" name="test_module_register_forward_pre_hook_lambda_with_kwargs_prepend_and_multiple_hooks" time="0.001" /><testcase classname="test.api_test.test_nn_Module_register_forward_pre_hook" name="test_module_register_forward_pre_hook_bound_method_and_kwargs_modification" time="0.001" /><testcase classname="test.api_test.test_nn_Module_register_forward_pre_hook" name="test_module_register_forward_pre_hook_non_callable_and_hook_raises_type_error" time="0.001" /><testcase classname="test.api_test.test_nn_Module_register_load_state_dict_post_hook" name="test_register_load_state_dict_post_hook_missing_required_argument_raises_type_error" time="0.002" /><testcase classname="test.api_test.test_nn_Module_register_load_state_dict_post_hook" name="test_register_load_state_dict_post_hook_function_and_incompatible_keys" time="0.003" /><testcase classname="test.api_test.test_nn_Module_register_load_state_dict_post_hook" name="test_register_load_state_dict_post_hook_clear_incompatible_keys_allows_strict_true" time="0.002" /><testcase classname="test.api_test.test_nn_Module_register_load_state_dict_post_hook" name="test_register_load_state_dict_post_hook_add_incompatible_keys_raises_runtime_error" time="0.002" /><testcase classname="test.api_test.test_nn_Module_register_load_state_dict_post_hook" name="test_register_load_state_dict_post_hook_callable_with_wrong_signature_raises_type_error" time="0.002" /><testcase classname="test.api_test.test_nn_Module_register_load_state_dict_post_hook" name="test_register_load_state_dict_post_hook_multiple_hooks_and_remove" time="0.003" /><testcase classname="test.api_test.test_nn_Module_register_load_state_dict_post_hook" name="test_register_load_state_dict_post_hook_non_callable_raises_type_error[None]" time="0.002" /><testcase classname="test.api_test.test_nn_Module_register_load_state_dict_post_hook" name="test_register_load_state_dict_post_hook_non_callable_raises_type_error[123]" time="0.002" /><testcase classname="test.api_test.test_utils__pytree_tree_flatten" name="test_tree_flatten_normal_cases_on_npu[&lt;lambda&gt;-1_0]" time="0.001" /><testcase classname="test.api_test.test_utils__pytree_tree_flatten" name="test_tree_flatten_normal_cases_on_npu[&lt;lambda&gt;-2_0]" time="0.001" /><testcase classname="test.api_test.test_utils__pytree_tree_flatten" name="test_tree_flatten_normal_cases_on_npu[&lt;lambda&gt;-2_1]" time="0.001" /><testcase classname="test.api_test.test_utils__pytree_tree_flatten" name="test_tree_flatten_normal_cases_on_npu[&lt;lambda&gt;-2_2]" time="0.001" /><testcase classname="test.api_test.test_utils__pytree_tree_flatten" name="test_tree_flatten_normal_cases_on_npu[&lt;lambda&gt;-2_3]" time="0.001" /><testcase classname="test.api_test.test_utils__pytree_tree_flatten" name="test_tree_flatten_normal_cases_on_npu[&lt;lambda&gt;-3]" time="0.001" /><testcase classname="test.api_test.test_utils__pytree_tree_flatten" name="test_tree_flatten_normal_cases_on_npu[&lt;lambda&gt;-1_1]" time="0.001" /><testcase classname="test.api_test.test_utils__pytree_tree_flatten" name="test_tree_flatten_normal_cases_on_npu[&lt;lambda&gt;-1_2]" time="0.001" /><testcase classname="test.api_test.test_utils__pytree_tree_flatten" name="test_tree_flatten_normal_cases_on_npu[&lt;lambda&gt;-1_3]" time="0.001" /><testcase classname="test.api_test.test_utils__pytree_tree_flatten" name="test_tree_flatten_normal_cases_on_npu[&lt;lambda&gt;-2_4]" time="0.001" /><testcase classname="test.api_test.test_utils__pytree_tree_flatten" name="test_tree_flatten_normal_cases_on_npu[&lt;lambda&gt;-6]" time="0.001" /><testcase classname="test.api_test.test_utils__pytree_tree_flatten" name="test_tree_flatten_is_leaf_variants_on_npu[None-3-False]" time="0.001" /><testcase classname="test.api_test.test_utils__pytree_tree_flatten" name="test_tree_flatten_is_leaf_variants_on_npu[&lt;lambda&gt;-2-True]" time="0.001" /><testcase classname="test.api_test.test_utils__pytree_tree_flatten" name="test_tree_flatten_tree_spec_for_npu_tensor_can_reconstruct" time="0.001" /><testcase classname="test.api_test.test_utils__pytree_tree_flatten" name="test_tree_flatten_invalid_is_leaf_type_raises" time="0.001" /><testcase classname="test.api_test.test_utils__pytree_tree_flatten" name="test_tree_flatten_cyclic_structure_raises" time="0.004" /><testcase classname="test.api_test.test_utils__pytree_tree_map" name="test_tree_map_single_tree_identity_and_structure[list]" time="0.001" /><testcase classname="test.api_test.test_utils__pytree_tree_map" name="test_tree_map_single_tree_identity_and_structure[tuple]" time="0.001" /><testcase classname="test.api_test.test_utils__pytree_tree_map" name="test_tree_map_single_tree_identity_and_structure[dict]" time="0.001" /><testcase classname="test.api_test.test_utils__pytree_tree_map" name="test_tree_map_single_tree_identity_and_structure[nested]" time="0.001" /><testcase classname="test.api_test.test_utils__pytree_tree_map" name="test_tree_map_with_rest_trees_and_corresponding_leaves" time="0.001" /><testcase classname="test.api_test.test_utils__pytree_tree_map" name="test_tree_map_with_rest_prefix_structure" time="0.001" /><testcase classname="test.api_test.test_utils__pytree_tree_map" name="test_tree_map_type_changing_func_keeps_structure" time="0.001" /><testcase classname="test.api_test.test_utils__pytree_tree_map" name="test_tree_map_none_and_non_none_leaves" time="0.001" /><testcase classname="test.api_test.test_utils__pytree_tree_map" name="test_tree_map_is_leaf_treats_subtree_as_leaf" time="0.001" /><testcase classname="test.api_test.test_utils__pytree_tree_map" name="test_tree_map_non_callable_func_raises_type_error" time="0.001" /><testcase classname="test.api_test.test_utils__pytree_tree_map" name="test_tree_map_rest_tree_arity_mismatch_raises_value_error" time="0.001" /><testcase classname="test.api_test.test_utils__pytree_tree_unflatten" name="test_tree_unflatten_round_trip_and_npu_device[&lt;lambda&gt;-list]" time="0.002" /><testcase classname="test.api_test.test_utils__pytree_tree_unflatten" name="test_tree_unflatten_round_trip_and_npu_device[&lt;lambda&gt;-tuple]" time="0.001" /><testcase classname="test.api_test.test_utils__pytree_tree_unflatten" name="test_tree_unflatten_round_trip_and_npu_device[&lt;lambda&gt;-dict]" time="0.001" /><testcase classname="test.api_test.test_utils__pytree_tree_unflatten" name="test_tree_unflatten_round_trip_and_npu_device[&lt;lambda&gt;-Tensor]" time="0.001" /><testcase classname="test.api_test.test_utils__pytree_tree_unflatten" name="test_tree_unflatten_accepts_multiple_iterable_leaf_types[list]" time="0.001" /><testcase classname="test.api_test.test_utils__pytree_tree_unflatten" name="test_tree_unflatten_accepts_multiple_iterable_leaf_types[tuple]" time="0.001" /><testcase classname="test.api_test.test_utils__pytree_tree_unflatten" name="test_tree_unflatten_accepts_multiple_iterable_leaf_types[&lt;lambda&gt;]" time="0.001" /><testcase classname="test.api_test.test_utils__pytree_tree_unflatten" name="test_tree_unflatten_supports_keyword_arguments" time="0.001" /><testcase classname="test.api_test.test_utils__pytree_tree_unflatten" name="test_tree_unflatten_missing_arguments_raises" time="0.001" /><testcase classname="test.api_test.test_utils__pytree_tree_unflatten" name="test_tree_unflatten_wrong_number_of_leaves_raises" time="0.001" /><testcase classname="test.api_test.test_utils__pytree_tree_unflatten" name="test_tree_unflatten_invalid_treespec_raises[None]" time="0.001" /><testcase classname="test.api_test.test_utils__pytree_tree_unflatten" name="test_tree_unflatten_invalid_treespec_raises[0]" time="0.001" /><testcase classname="test.api_test.test_utils__pytree_tree_unflatten" name="test_tree_unflatten_invalid_treespec_raises[bad]" time="0.001" /><testcase classname="test.api_test.test_utils__pytree_tree_unflatten" name="test_tree_unflatten_invalid_treespec_raises[bad_treespec3]" time="0.001" /><testcase classname="test.api_test.test_utils__pytree_tree_unflatten" name="test_tree_unflatten_non_iterable_leaves_raises" time="0.001" /><testcase classname="test.api_test.test_utils__pytree_tree_unflatten" name="test_tree_unflatten_supports_empty_leaves" time="0.001" /><testcase classname="test.api_test.test_utils_swap_tensors" name="test_swap_tensors_npu_normal_cases[&lt;lambda&gt;-&lt;lambda&gt;0]" time="0.001" /><testcase classname="test.api_test.test_utils_swap_tensors" name="test_swap_tensors_npu_normal_cases[&lt;lambda&gt;-&lt;lambda&gt;1]" time="0.001" /><testcase classname="test.api_test.test_utils_swap_tensors" name="test_swap_tensors_npu_normal_cases[&lt;lambda&gt;-&lt;lambda&gt;2]" time="0.001" /><testcase classname="test.api_test.test_utils_swap_tensors" name="test_swap_tensors_npu_normal_cases[&lt;lambda&gt;-&lt;lambda&gt;3]" time="0.001" /><testcase classname="test.api_test.test_utils_swap_tensors" name="test_swap_tensors_same_shape_same_dtype_fixture_case" time="0.001" /><testcase classname="test.api_test.test_utils_swap_tensors" name="test_swap_tensors_swaps_dict_and_self_returning_methods" time="0.001" /><testcase classname="test.api_test.test_utils_swap_tensors" name="test_swap_tensors_non_tensor_args_raise_attribute_error[1-&lt;lambda&gt;]" time="0.001" /><testcase classname="test.api_test.test_utils_swap_tensors" name="test_swap_tensors_non_tensor_args_raise_attribute_error[None-&lt;lambda&gt;]" time="0.001" /><testcase classname="test.api_test.test_utils_swap_tensors" name="test_swap_tensors_non_tensor_args_raise_attribute_error[&lt;lambda&gt;-None]" time="0.001" /><testcase classname="test.api_test.test_utils_swap_tensors" name="test_swap_tensors_non_tensor_args_raise_attribute_error[abc-def]" time="0.001" /><testcase classname="test.api_test.test_utils_swap_tensors" name="test_swap_tensors_weakref_raises_runtime_error" time="0.001" /><testcase classname="test.api_test.test_utils_swap_tensors" name="test_swap_tensors_poisoned_accumulate_grad_raises_runtime_error" time="0.001" /><testcase classname="test.api_test.test_utils_swap_tensors" name="test_swap_tensors_same_slots_subclass_swap_and_different_slots_error" time="0.001" /><testcase classname="test.api_test.test_nn_Parameter_grad" name="test_parameter_grad_default_is_none" time="0.001" /><testcase classname="test.api_test.test_nn_Parameter_grad" name="test_parameter_grad_after_backward_on_npu" time="0.001" /><testcase classname="test.api_test.test_nn_Parameter_grad" name="test_parameter_grad_accepts_none_and_tensor_assignment" time="0.001" /><testcase classname="test.api_test.test_nn_Parameter_grad" name="test_parameter_grad_accumulates_into_existing_tensor_on_npu" time="0.002" /><testcase classname="test.api_test.test_nn_Parameter_grad" name="test_parameter_grad_device_mismatch_assignment_raises" time="0.001" /><testcase classname="test.api_test.test_nn_Parameter_grad" name="test_parameter_grad_invalid_shape_assignment_raises" time="0.001" /><testcase classname="test.api_test.test_nn_Parameter_grad" name="test_parameter_grad_invalid_type_assignment_raises" time="0.001" /><testcase classname="test.api_test.test_nn_Parameter_grad" name="test_parameter_grad_scalar_tensor_assignment_raises" time="0.001" /><testcase classname="test.api_test.test_nn_Parameter_grad" name="test_parameter_grad_requires_grad_false_stays_none" time="0.001" /><testcase classname="test.api_test.test_nn_Parameter_device" name="test_parameter_device_default_cpu_is_torch_device" time="0.001" /><testcase classname="test.api_test.test_nn_Parameter_device" name="test_parameter_device_on_npu_for_various_dtypes[dtype0-True]" time="0.001" /><testcase classname="test.api_test.test_nn_Parameter_device" name="test_parameter_device_on_npu_for_various_dtypes[dtype1-True]" time="0.001" /><testcase classname="test.api_test.test_nn_Parameter_device" name="test_parameter_device_on_npu_for_various_dtypes[dtype2-False]" time="0.001" /><testcase classname="test.api_test.test_nn_Parameter_device" name="test_parameter_device_after_to_npu_keeps_npu_device" time="0.004"><failure message="AssertionError: assert False&#10; +  where False = isinstance(tensor([[1., 1., 1.],\n        [1., 1., 1.]], device='npu:0', grad_fn=&lt;ToCopyBackward0&gt;), &lt;class 'torch.nn.parameter.Parameter'&gt;)&#10; +    where &lt;class 'torch.nn.parameter.Parameter'&gt; = nn.Parameter">npu_device = device(type='npu', index=0)

    def test_parameter_device_after_to_npu_keeps_npu_device(npu_device):
        """验证对象经 .to('npu') 后，迁移结果仍为 Parameter，且 device 信息正确。"""
        param = nn.Parameter(torch.ones((2, 3)))
        moved = param.to(npu_device)
    
&gt;       assert isinstance(moved, nn.Parameter)
E       AssertionError: assert False
E        +  where False = isinstance(tensor([[1., 1., 1.],\n        [1., 1., 1.]], device='npu:0', grad_fn=&lt;ToCopyBackward0&gt;), &lt;class 'torch.nn.parameter.Parameter'&gt;)
E        +    where &lt;class 'torch.nn.parameter.Parameter'&gt; = nn.Parameter

test/api_test/test_nn_Parameter_device.py:99: AssertionError</failure></testcase><testcase classname="test.api_test.test_nn_Parameter_device" name="test_parameter_device_inside_module_after_module_to_npu" time="0.001" /><testcase classname="test.api_test.test_nn_Parameter_device" name="test_parameter_device_read_only_assignment_raises" time="0.001" /><testcase classname="test.api_test.test_nn_Parameter_device_type" name="test_parameter_device_type_cpu_parameter_is_cpu_and_str[dtype0-None]" time="0.001" /><testcase classname="test.api_test.test_nn_Parameter_device_type" name="test_parameter_device_type_cpu_parameter_is_cpu_and_str[dtype1-True]" time="0.001" /><testcase classname="test.api_test.test_nn_Parameter_device_type" name="test_parameter_device_type_cpu_parameter_is_cpu_and_str[dtype2-False]" time="0.001" /><testcase classname="test.api_test.test_nn_Parameter_device_type" name="test_parameter_device_type_cpu_parameter_is_cpu_and_str[dtype3-None]" time="0.001" /><testcase classname="test.api_test.test_nn_Parameter_device_type" name="test_parameter_device_type_cpu_parameter_is_cpu_and_str[dtype4-True]" time="0.001" /><testcase classname="test.api_test.test_nn_Parameter_device_type" name="test_parameter_device_type_cpu_parameter_is_cpu_and_str[dtype5-False]" time="0.001" /><testcase classname="test.api_test.test_nn_Parameter_device_type" name="test_parameter_device_type_cpu_parameter_is_cpu_and_str[dtype6-None]" time="0.001" /><testcase classname="test.api_test.test_nn_Parameter_device_type" name="test_parameter_device_type_npu_parameter_is_npu_and_str[dtype0-None]" time="0.001" /><testcase classname="test.api_test.test_nn_Parameter_device_type" name="test_parameter_device_type_npu_parameter_is_npu_and_str[dtype1-True]" time="0.001" /><testcase classname="test.api_test.test_nn_Parameter_device_type" name="test_parameter_device_type_npu_parameter_is_npu_and_str[dtype2-False]" time="0.001" /><testcase classname="test.api_test.test_nn_Parameter_device_type" name="test_parameter_device_type_npu_parameter_is_npu_and_str[dtype3-None]" time="0.001" /><testcase classname="test.api_test.test_nn_Parameter_device_type" name="test_parameter_device_type_npu_parameter_is_npu_and_str[dtype4-True]" time="0.001" /><testcase classname="test.api_test.test_nn_Parameter_device_type" name="test_parameter_device_type_npu_parameter_is_npu_and_str[dtype5-False]" time="0.001" /><testcase classname="test.api_test.test_nn_Parameter_device_type" name="test_parameter_device_type_npu_parameter_is_npu_and_str[dtype6-None]" time="0.009" /><testcase classname="test.api_test.test_nn_Parameter_device_type" name="test_parameter_device_type_device_none_path_is_cpu_and_str[dtype0]" time="0.001" /><testcase classname="test.api_test.test_nn_Parameter_device_type" name="test_parameter_device_type_device_none_path_is_cpu_and_str[dtype1]" time="0.001" /><testcase classname="test.api_test.test_nn_Parameter_device_type" name="test_parameter_device_type_device_none_path_is_cpu_and_str[dtype2]" time="0.001" /><testcase classname="test.api_test.test_nn_Parameter_device_type" name="test_parameter_device_type_on_empty_tensor_is_npu_and_str[dtype0]" time="0.001" /><testcase classname="test.api_test.test_nn_Parameter_device_type" name="test_parameter_device_type_on_empty_tensor_is_npu_and_str[dtype1]" time="0.001" /><testcase classname="test.api_test.test_nn_Parameter_device_type" name="test_parameter_device_type_on_empty_tensor_is_npu_and_str[dtype2]" time="0.001" /><testcase classname="test.api_test.test_nn_Parameter_device_type" name="test_parameter_device_type_after_to_npu_is_npu_and_str[dtype0]" time="0.001" /><testcase classname="test.api_test.test_nn_Parameter_device_type" name="test_parameter_device_type_after_to_npu_is_npu_and_str[dtype1]" time="0.001" /><testcase classname="test.api_test.test_nn_Parameter_device_type" name="test_parameter_device_type_after_to_npu_is_npu_and_str[dtype2]" time="0.001" /><testcase classname="test.api_test.test_nn_Parameter_device_type" name="test_parameter_device_type_in_module_after_module_to_npu[dtype0]" time="0.001" /><testcase classname="test.api_test.test_nn_Parameter_device_type" name="test_parameter_device_type_in_module_after_module_to_npu[dtype1]" time="0.001" /><testcase classname="test.api_test.test_nn_Parameter_device_type" name="test_parameter_device_type_in_module_after_module_to_npu[dtype2]" time="0.001" /><testcase classname="test.api_test.test_nn_Parameter_device_type" name="test_parameter_device_type_explicit_requires_grad_on_npu[True-dtype0]" time="0.001" /><testcase classname="test.api_test.test_nn_Parameter_device_type" name="test_parameter_device_type_explicit_requires_grad_on_npu[True-dtype1]" time="0.001" /><testcase classname="test.api_test.test_nn_Parameter_device_type" name="test_parameter_device_type_explicit_requires_grad_on_npu[False-dtype0]" time="0.001" /><testcase classname="test.api_test.test_nn_Parameter_device_type" name="test_parameter_device_type_explicit_requires_grad_on_npu[False-dtype1]" time="0.001" /><testcase classname="test.api_test.test_nn_Parameter_device_type" name="test_parameter_device_type_invalid_to_device_raises" time="0.001" /><testcase classname="test.api_test.test_nn_Parameter_is_contiguous" name="test_parameter_is_contiguous_default_and_explicit_contiguous_modes" time="0.001" /><testcase classname="test.api_test.test_nn_Parameter_is_contiguous" name="test_parameter_is_contiguous_channels_last_parameter" time="0.002" /><testcase classname="test.api_test.test_nn_Parameter_is_contiguous" name="test_parameter_is_contiguous_channels_last_3d_parameter" time="0.001" /><testcase classname="test.api_test.test_nn_Parameter_is_contiguous" name="test_parameter_is_contiguous_non_contiguous_after_transpose" time="0.001" /><testcase classname="test.api_test.test_nn_Parameter_is_contiguous" name="test_parameter_is_contiguous_invalid_memory_format_raises[None]" time="0.001" /><testcase classname="test.api_test.test_nn_Parameter_is_contiguous" name="test_parameter_is_contiguous_invalid_memory_format_raises[0]" time="0.001" /><testcase classname="test.api_test.test_nn_Parameter_ndim" name="test_parameter_ndim_matches_shape_and_type[shape0-0]" time="0.001" /><testcase classname="test.api_test.test_nn_Parameter_ndim" name="test_parameter_ndim_matches_shape_and_type[shape1-1]" time="0.001" /><testcase classname="test.api_test.test_nn_Parameter_ndim" name="test_parameter_ndim_matches_shape_and_type[shape2-2]" time="0.001" /><testcase classname="test.api_test.test_nn_Parameter_ndim" name="test_parameter_ndim_matches_shape_and_type[shape3-3]" time="0.001" /><testcase classname="test.api_test.test_nn_Parameter_ndim" name="test_parameter_ndim_matches_shape_and_type[shape4-4]" time="0.001" /><testcase classname="test.api_test.test_nn_Parameter_ndim" name="test_parameter_ndim_matches_shape_and_type[shape5-1]" time="0.001" /><testcase classname="test.api_test.test_nn_Parameter_ndim" name="test_parameter_ndim_matches_shape_and_type[shape6-2]" time="0.001" /><testcase classname="test.api_test.test_nn_Parameter_size" name="test_parameter_size_without_dim_and_with_none_returns_torch_size[shape0]" time="0.001" /><testcase classname="test.api_test.test_nn_Parameter_size" name="test_parameter_size_without_dim_and_with_none_returns_torch_size[shape1]" time="0.001" /><testcase classname="test.api_test.test_nn_Parameter_size" name="test_parameter_size_without_dim_and_with_none_returns_torch_size[shape2]" time="0.001" /><testcase classname="test.api_test.test_nn_Parameter_size" name="test_parameter_size_without_dim_and_with_none_returns_torch_size[shape3]" time="0.001" /><testcase classname="test.api_test.test_nn_Parameter_size" name="test_parameter_size_with_dim_returns_int_and_matches_shape[shape0-0-None]" time="0.001" /><testcase classname="test.api_test.test_nn_Parameter_size" name="test_parameter_size_with_dim_returns_int_and_matches_shape[shape1--1-None]" time="0.001" /><testcase classname="test.api_test.test_nn_Parameter_size" name="test_parameter_size_with_dim_returns_int_and_matches_shape[shape2-0-0]" time="0.001" /><testcase classname="test.api_test.test_nn_Parameter_size" name="test_parameter_size_with_dim_returns_int_and_matches_shape[shape3--1--1]" time="0.001" /><testcase classname="test.api_test.test_nn_Parameter_size" name="test_parameter_size_with_dim_returns_int_and_matches_shape[shape4-0-0]" time="0.001" /><testcase classname="test.api_test.test_nn_Parameter_size" name="test_parameter_size_with_dim_returns_int_and_matches_shape[shape5-1-1]" time="0.001" /><testcase classname="test.api_test.test_nn_Parameter_size" name="test_parameter_size_with_dim_returns_int_and_matches_shape[shape6--1--1]" time="0.001" /><testcase classname="test.api_test.test_nn_Parameter_size" name="test_parameter_size_with_dim_returns_int_and_matches_shape[shape7-0-0]" time="0.001" /><testcase classname="test.api_test.test_nn_Parameter_size" name="test_parameter_size_with_dim_returns_int_and_matches_shape[shape8-1-1]" time="0.001" /><testcase classname="test.api_test.test_nn_Parameter_size" name="test_parameter_size_with_dim_returns_int_and_matches_shape[shape9-2-2]" time="0.001" /><testcase classname="test.api_test.test_nn_Parameter_size" name="test_parameter_size_with_dim_returns_int_and_matches_shape[shape10--1--1]" time="0.001" /><testcase classname="test.api_test.test_nn_Parameter_size" name="test_parameter_size_with_named_dim_string_returns_int" time="0.001" /><testcase classname="test.api_test.test_nn_Parameter_size" name="test_parameter_size_out_of_range_dim_raises_index_error[shape0-1]" time="0.001" /><testcase classname="test.api_test.test_nn_Parameter_size" name="test_parameter_size_out_of_range_dim_raises_index_error[shape1--2]" time="0.001" /><testcase classname="test.api_test.test_nn_Parameter_size" name="test_parameter_size_out_of_range_dim_raises_index_error[shape2-1]" time="0.001" /><testcase classname="test.api_test.test_nn_Parameter_size" name="test_parameter_size_out_of_range_dim_raises_index_error[shape3--2]" time="0.001" /><testcase classname="test.api_test.test_nn_Parameter_size" name="test_parameter_size_out_of_range_dim_raises_index_error[shape4-2]" time="0.001" /><testcase classname="test.api_test.test_nn_Parameter_size" name="test_parameter_size_out_of_range_dim_raises_index_error[shape5--3]" time="0.001" /><testcase classname="test.api_test.test_nn_Parameter_size" name="test_parameter_size_out_of_range_dim_raises_index_error[shape6-3]" time="0.001" /><testcase classname="test.api_test.test_nn_Parameter_size" name="test_parameter_size_out_of_range_dim_raises_index_error[shape7--4]" time="0.001" /><testcase classname="test.api_test.test_nn_Parameter_size" name="test_parameter_size_invalid_type_raises_type_error[1.5]" time="0.001" /><testcase classname="test.api_test.test_nn_Parameter_size" name="test_parameter_size_invalid_type_raises_type_error[0.0]" time="0.001" /><testcase classname="test.api_test.test_nn_Parameter_size" name="test_parameter_size_invalid_type_raises_type_error[invalid_dim2]" time="0.001" /><testcase classname="test.api_test.test_nn_Parameter_stride" name="test_parameter_stride_noarg_returns_tuple[shape0-expected_stride0]" time="0.001" /><testcase classname="test.api_test.test_nn_Parameter_stride" name="test_parameter_stride_noarg_returns_tuple[shape1-expected_stride1]" time="0.001" /><testcase classname="test.api_test.test_nn_Parameter_stride" name="test_parameter_stride_noarg_returns_tuple[shape2-expected_stride2]" time="0.001" /><testcase classname="test.api_test.test_nn_Parameter_stride" name="test_parameter_stride_noarg_returns_tuple[shape3-expected_stride3]" time="0.001" /><testcase classname="test.api_test.test_nn_Parameter_stride" name="test_parameter_stride_explicit_none_returns_tuple[shape0-expected_stride0]" time="0.001" /><testcase classname="test.api_test.test_nn_Parameter_stride" name="test_parameter_stride_explicit_none_returns_tuple[shape1-expected_stride1]" time="0.001" /><testcase classname="test.api_test.test_nn_Parameter_stride" name="test_parameter_stride_explicit_none_returns_tuple[shape2-expected_stride2]" time="0.001" /><testcase classname="test.api_test.test_nn_Parameter_stride" name="test_parameter_stride_explicit_none_returns_tuple[shape3-expected_stride3]" time="0.001" /><testcase classname="test.api_test.test_nn_Parameter_stride" name="test_parameter_stride_with_dim_returns_int[0-12-shape0-expected_stride0]" time="0.001" /><testcase classname="test.api_test.test_nn_Parameter_stride" name="test_parameter_stride_with_dim_returns_int[1-4-shape0-expected_stride0]" time="0.002" /><testcase classname="test.api_test.test_nn_Parameter_stride" name="test_parameter_stride_with_dim_returns_int[-1-1-shape0-expected_stride0]" time="0.001" /><testcase classname="test.api_test.test_nn_Parameter_stride" name="test_parameter_stride_transposed_noncontiguous_behavior" time="0.001" /><testcase classname="test.api_test.test_nn_Parameter_stride" name="test_parameter_stride_invalid_type_raises[0.5-TypeError]" time="0.001" /><testcase classname="test.api_test.test_nn_Parameter_stride" name="test_parameter_stride_invalid_type_raises[0-RuntimeError]" time="0.001" /><testcase classname="test.api_test.test_nn_Parameter_stride" name="test_parameter_stride_out_of_range_raises[2]" time="0.001" /><testcase classname="test.api_test.test_nn_Parameter_stride" name="test_parameter_stride_out_of_range_raises[-3]" time="0.001" /><testcase classname="test.api_test.test_nn_Parameter_dtype" name="test_parameter_dtype_default_float32_and_isinstance" time="0.001" /><testcase classname="test.api_test.test_nn_Parameter_dtype" name="test_parameter_dtype_explicit_dtypes_on_npu[dtype0-None]" time="0.001" /><testcase classname="test.api_test.test_nn_Parameter_dtype" name="test_parameter_dtype_explicit_dtypes_on_npu[dtype1-None]" time="0.001" /><testcase classname="test.api_test.test_nn_Parameter_dtype" name="test_parameter_dtype_explicit_dtypes_on_npu[dtype2-False]" time="0.001" /><testcase classname="test.api_test.test_nn_Parameter_dtype" name="test_parameter_dtype_explicit_dtypes_on_npu[dtype3-False]" time="0.001" /><testcase classname="test.api_test.test_nn_Parameter_dtype" name="test_parameter_dtype_explicit_dtypes_on_npu[dtype4-False]" time="0.001" /><testcase classname="test.api_test.test_nn_Parameter_dtype" name="test_parameter_dtype_after_to_dtype_change_on_npu" time="0.001" /><testcase classname="test.api_test.test_nn_Parameter_dtype" name="test_parameter_dtype_preserved_in_module_on_npu" time="0.001" /><testcase classname="test.api_test.test_nn_Parameter_dtype" name="test_parameter_dtype_invalid_to_dtype_raises" time="0.001" /><testcase classname="test.api_test.test_nn_Parameter_dtype" name="test_parameter_dtype_readonly_assignment_raises" time="0.001" /><testcase classname="test.api_test.test_nn_Parameter_dtype" name="test_parameter_dtype_from_explicit_none_dtype_uses_default_dtype" time="0.001" /><testcase classname="test.api_test.test_nn_Parameter_itemsize" name="test_parameter_itemsize_on_npu_and_matches_element_size[dtype0-shape0-True-None-4]" time="0.001" /><testcase classname="test.api_test.test_nn_Parameter_itemsize" name="test_parameter_itemsize_on_npu_and_matches_element_size[dtype1-shape1-False-True-8]" time="0.001" /><testcase classname="test.api_test.test_nn_Parameter_itemsize" name="test_parameter_itemsize_on_npu_and_matches_element_si
[...]
requires_grad = True

    @pytest.mark.parametrize(
        "shape,dtype,requires_grad",
        [
            ((), None, False),
            ((), torch.float16, False),
            ((), torch.float16, True),
            ((1,), torch.float32, False),
            ((1,), torch.float32, True),
            ((2, 3), torch.float64, False),
            ((2, 3), torch.float64, True),
            ((2, 3), torch.int32, False),
            ((1,), torch.int64, False),
            ((), torch.bool, False),
        ],
    )
    def test_from_functional_tensor_round_trip_preserves_tensor_properties(npu_device, shape, dtype, requires_grad):
        """验证 functional tensor round-trip 后的类型、设备、形状、dtype 和 requires_grad 保持一致。"""
        base_tensor = _make_npu_tensor(shape, dtype=dtype).requires_grad_(requires_grad)
        functional_tensor = _to_functional_npu_tensor(base_tensor)
    
        assert isinstance(functional_tensor, torch.Tensor)
        assert functional_tensor.device.type == "npu"
        assert functional_tensor.device.index == 0
        assert functional_tensor.shape == base_tensor.shape
        assert functional_tensor.dtype == base_tensor.dtype
&gt;       assert functional_tensor.requires_grad == base_tensor.requires_grad
E       AssertionError: assert False == True
E        +  where False = _to_functional_tensor(tensor(1., device='npu:0', dtype=torch.float16, requires_grad=True),\n       device='npu:0').requires_grad
E        +  and   True = tensor(1., device='npu:0', dtype=torch.float16, requires_grad=True).requires_grad

test/api_test/test__from_functional_tensor.py:93: AssertionError</failure></testcase><testcase classname="test.api_test.test__from_functional_tensor" name="test_from_functional_tensor_round_trip_preserves_tensor_properties[shape3-dtype3-False]" time="0.001" /><testcase classname="test.api_test.test__from_functional_tensor" name="test_from_functional_tensor_round_trip_preserves_tensor_properties[shape4-dtype4-True]" time="0.004"><failure message="AssertionError: assert False == True&#10; +  where False = _to_functional_tensor(tensor([1.], device='npu:0', requires_grad=True),\n       device='npu:0').requires_grad&#10; +  and   True = tensor([1.], device='npu:0', requires_grad=True).requires_grad">npu_device = device(type='npu', index=0), shape = (1,), dtype = torch.float32
requires_grad = True

    @pytest.mark.parametrize(
        "shape,dtype,requires_grad",
        [
            ((), None, False),
            ((), torch.float16, False),
            ((), torch.float16, True),
            ((1,), torch.float32, False),
            ((1,), torch.float32, True),
            ((2, 3), torch.float64, False),
            ((2, 3), torch.float64, True),
            ((2, 3), torch.int32, False),
            ((1,), torch.int64, False),
            ((), torch.bool, False),
        ],
    )
    def test_from_functional_tensor_round_trip_preserves_tensor_properties(npu_device, shape, dtype, requires_grad):
        """验证 functional tensor round-trip 后的类型、设备、形状、dtype 和 requires_grad 保持一致。"""
        base_tensor = _make_npu_tensor(shape, dtype=dtype).requires_grad_(requires_grad)
        functional_tensor = _to_functional_npu_tensor(base_tensor)
    
        assert isinstance(functional_tensor, torch.Tensor)
        assert functional_tensor.device.type == "npu"
        assert functional_tensor.device.index == 0
        assert functional_tensor.shape == base_tensor.shape
        assert functional_tensor.dtype == base_tensor.dtype
&gt;       assert functional_tensor.requires_grad == base_tensor.requires_grad
E       AssertionError: assert False == True
E        +  where False = _to_functional_tensor(tensor([1.], device='npu:0', requires_grad=True),\n       device='npu:0').requires_grad
E        +  and   True = tensor([1.], device='npu:0', requires_grad=True).requires_grad

test/api_test/test__from_functional_tensor.py:93: AssertionError</failure></testcase><testcase classname="test.api_test.test__from_functional_tensor" name="test_from_functional_tensor_round_trip_preserves_tensor_properties[shape5-dtype5-False]" time="0.001" /><testcase classname="test.api_test.test__from_functional_tensor" name="test_from_functional_tensor_round_trip_preserves_tensor_properties[shape6-dtype6-True]" time="0.033"><failure message="AssertionError: assert False == True&#10; +  where False = _to_functional_tensor(tensor([[1., 1., 1.],\n        [1., 1., 1.]], device='npu:0', dtype=torch.float64, requires_grad=True),\n       device='npu:0').requires_grad&#10; +  and   True = tensor([[1., 1., 1.],\n        [1., 1., 1.]], device='npu:0', dtype=torch.float64, requires_grad=True).requires_grad">npu_device = device(type='npu', index=0), shape = (2, 3), dtype = torch.float64
requires_grad = True

    @pytest.mark.parametrize(
        "shape,dtype,requires_grad",
        [
            ((), None, False),
            ((), torch.float16, False),
            ((), torch.float16, True),
            ((1,), torch.float32, False),
            ((1,), torch.float32, True),
            ((2, 3), torch.float64, False),
            ((2, 3), torch.float64, True),
            ((2, 3), torch.int32, False),
            ((1,), torch.int64, False),
            ((), torch.bool, False),
        ],
    )
    def test_from_functional_tensor_round_trip_preserves_tensor_properties(npu_device, shape, dtype, requires_grad):
        """验证 functional tensor round-trip 后的类型、设备、形状、dtype 和 requires_grad 保持一致。"""
        base_tensor = _make_npu_tensor(shape, dtype=dtype).requires_grad_(requires_grad)
        functional_tensor = _to_functional_npu_tensor(base_tensor)
    
        assert isinstance(functional_tensor, torch.Tensor)
        assert functional_tensor.device.type == "npu"
        assert functional_tensor.device.index == 0
        assert functional_tensor.shape == base_tensor.shape
        assert functional_tensor.dtype == base_tensor.dtype
&gt;       assert functional_tensor.requires_grad == base_tensor.requires_grad
E       AssertionError: assert False == True
E        +  where False = _to_functional_tensor(tensor([[1., 1., 1.],\n        [1., 1., 1.]], device='npu:0', dtype=torch.float64, requires_grad=True),\n       device='npu:0').requires_grad
E        +  and   True = tensor([[1., 1., 1.],\n        [1., 1., 1.]], device='npu:0', dtype=torch.float64, requires_grad=True).requires_grad

test/api_test/test__from_functional_tensor.py:93: AssertionError</failure></testcase><testcase classname="test.api_test.test__from_functional_tensor" name="test_from_functional_tensor_round_trip_preserves_tensor_properties[shape7-dtype7-False]" time="0.004" /><testcase classname="test.api_test.test__from_functional_tensor" name="test_from_functional_tensor_round_trip_preserves_tensor_properties[shape8-dtype8-False]" time="0.001" /><testcase classname="test.api_test.test__from_functional_tensor" name="test_from_functional_tensor_round_trip_preserves_tensor_properties[shape9-dtype9-False]" time="0.003" /><testcase classname="test.api_test.test__from_functional_tensor" name="test_from_functional_tensor_round_trip_works_for_scalar_shape" time="0.001" /><testcase classname="test.api_test.test__from_functional_tensor" name="test_from_functional_tensor_non_functional_npu_tensor_raises" time="0.001" /><testcase classname="test.api_test.test__from_functional_tensor" name="test_from_functional_tensor_non_tensor_input_raises_type_error[None]" time="0.001" /><testcase classname="test.api_test.test__from_functional_tensor" name="test_from_functional_tensor_non_tensor_input_raises_type_error[1]" time="0.001" /><testcase classname="test.api_test.test__from_functional_tensor" name="test_from_functional_tensor_non_tensor_input_raises_type_error[bad_input2]" time="0.001" /><testcase classname="test.api_test.test__from_functional_tensor" name="test_from_functional_tensor_non_tensor_input_raises_type_error[abc]" time="0.001" /><testcase classname="test.api_test.test__from_functional_tensor" name="test_from_functional_tensor_missing_argument_raises_type_error" time="0.001" /><testcase classname="test.api_test.test__prims_common_make_contiguous_strides_for" name="test_make_contiguous_strides_for_valid_inputs_on_npu[tuple-default-row-major]" time="0.001" /><testcase classname="test.api_test.test__prims_common_make_contiguous_strides_for" name="test_make_contiguous_strides_for_valid_inputs_on_npu[list-row-major-false-1d]" time="0.001" /><testcase classname="test.api_test.test__prims_common_make_contiguous_strides_for" name="test_make_contiguous_strides_for_valid_inputs_on_npu[torchsize-row-major-false-3d]" time="0.001" /><testcase classname="test.api_test.test__prims_common_make_contiguous_strides_for" name="test_make_contiguous_strides_for_valid_inputs_on_npu[empty-shape-explicit-true]" time="0.001" /><testcase classname="test.api_test.test__prims_common_make_contiguous_strides_for" name="test_make_contiguous_strides_for_valid_inputs_on_npu[zero-dim-row-major-false]" time="0.001" /><testcase classname="test.api_test.test__prims_common_make_contiguous_strides_for" name="test_make_contiguous_strides_for_valid_inputs_on_npu[ones-shape-explicit-true]" time="0.001" /><testcase classname="test.api_test.test__prims_common_make_contiguous_strides_for" name="test_make_contiguous_strides_for_row_major_true_exact_2d_stride_on_npu" time="0.001" /><testcase classname="test.api_test.test__prims_common_make_contiguous_strides_for" name="test_make_contiguous_strides_for_row_major_false_exact_2d_stride_on_npu" time="0.001" /><testcase classname="test.api_test.test__prims_common_make_contiguous_strides_for" name="test_make_contiguous_strides_for_explicit_row_major_false_on_npu" time="0.001" /><testcase classname="test.api_test.test__prims_common_make_contiguous_strides_for" name="test_make_contiguous_strides_for_missing_shape_raises" time="0.001" /><testcase classname="test.api_test.test__prims_common_make_contiguous_strides_for" name="test_make_contiguous_strides_for_invalid_shape_raises[None-AssertionError]" time="0.001" /><testcase classname="test.api_test.test__prims_common_make_contiguous_strides_for" name="test_make_contiguous_strides_for_invalid_shape_raises[3-AssertionError]" time="0.001" /><testcase classname="test.api_test.test__prims_common_make_contiguous_strides_for" name="test_make_contiguous_strides_for_invalid_shape_raises[bad_shape2-RuntimeError]" time="0.001" /><testcase classname="test.api_test.test__prims_common_make_contiguous_strides_for" name="test_make_contiguous_strides_for_invalid_shape_raises[bad_shape3-TypeError]" time="0.001" /><testcase classname="test.api_test.test__prims_common_make_contiguous_strides_for" name="test_make_contiguous_strides_for_invalid_shape_raises[abc-TypeError]" time="0.001" /><testcase classname="test.api_test.test_fx_node_has_side_effect" name="test_has_side_effect_missing_required_argument_raises_type_error" time="0.001" /><testcase classname="test.api_test.test_fx_node_has_side_effect" name="test_has_side_effect_registers_callable_variants_and_marks_impure[custom_fn]" time="0.001" /><testcase classname="test.api_test.test_fx_node_has_side_effect" name="test_has_side_effect_registers_callable_variants_and_marks_impure[lambda]" time="0.001" /><testcase classname="test.api_test.test_fx_node_has_side_effect" name="test_has_side_effect_registers_callable_variants_and_marks_impure[print]" time="0.001" /><testcase classname="test.api_test.test_fx_node_has_side_effect" name="test_has_side_effect_registers_callable_variants_and_marks_impure[warn]" time="0.001" /><testcase classname="test.api_test.test_fx_node_has_side_effect" name="test_has_side_effect_registers_callable_variants_and_marks_impure[torch_assert]" time="0.001" /><testcase classname="test.api_test.test_fx_node_has_side_effect" name="test_has_side_effect_registers_callable_variants_and_marks_impure[partial]" time="0.001" /><testcase classname="test.api_test.test_fx_node_has_side_effect" name="test_has_side_effect_registers_callable_variants_and_marks_impure[callable_object]" time="0.001" /><testcase classname="test.api_test.test_fx_node_has_side_effect" name="test_has_side_effect_registers_callable_variants_and_marks_impure[bound_method]" time="0.001" /><testcase classname="test.api_test.test_fx_node_has_side_effect" name="test_has_side_effect_unhashable_input_raises_type_error[bad_value0]" time="0.001" /><testcase classname="test.api_test.test_fx_node_has_side_effect" name="test_has_side_effect_unhashable_input_raises_type_error[bad_value1]" time="0.001" /><testcase classname="test.api_test.test_fx_node_has_side_effect" name="test_has_side_effect_does_not_change_unregistered_pure_callables[torch_add]" time="0.001" /><testcase classname="test.api_test.test_fx_node_has_side_effect" name="test_has_side_effect_does_not_change_unregistered_pure_callables[sqrt]" time="0.001" /><testcase classname="test.api_test.test_nn_Module___setattr__" name="test_setattr_parameter_registers_in_parameters_and_on_npu" time="0.001" /><testcase classname="test.api_test.test_nn_Module___setattr__" name="test_setattr_module_registers_in_modules" time="0.001" /><testcase classname="test.api_test.test_nn_Module___setattr__" name="test_setattr_regular_value_goes_to_dict" time="0.001" /><testcase classname="test.api_test.test_nn_Module___setattr__" name="test_setattr_buffer_then_overwrite_updates_buffer_entry" time="0.001" /><testcase classname="test.api_test.test_nn_Module___setattr__" name="test_setattr_none_clears_module_registration" time="0.001" /><testcase classname="test.api_test.test_nn_Module___setattr__" name="test_setattr_none_clears_parameter_registration" time="0.001" /><testcase classname="test.api_test.test_nn_Module___setattr__" name="test_setattr_none_clears_buffer_registration" time="0.001" /><testcase classname="test.api_test.test_nn_Module___setattr__" name="test_setattr_npu_parameter_assignment_and_overwrite_existing_parameter" time="0.001" /><testcase classname="test.api_test.test_nn_Module___setattr__" name="test_setattr_overwrite_existing_parameter_with_tensor_raises" time="0.001" /><testcase classname="test.api_test.test_nn_Module___setattr__" name="test_setattr_overwrite_existing_module_with_tensor_raises" time="0.001" /><testcase classname="test.api_test.test_nn_Module___setattr__" name="test_setattr_overwrite_existing_buffer_with_invalid_type_raises" time="0.001" /><testcase classname="test.api_test.test_nn_Module___setattr__" name="test_setattr_missing_value_argument_raises_type_error" time="0.001" /><testcase classname="test.api_test.test_nn_Module___setattr__" name="test_setattr_before_module_init_for_parameter_and_module_raises_attribute_error" time="0.001" /><testcase classname="test.api_test.test_nn_Module___setattr__" name="test_setattr_parameter_replaces_buffer_entry_on_npu" time="0.001" /><testcase classname="test.api_test.test_nn_Module___setattr__" name="test_setattr_module_replaces_regular_value_entry_on_npu" time="0.001" /><testcase classname="test.api_test.test_nn_Module__parameters" name="test_module_parameters_default_is_empty_dict" time="0.001" /><testcase classname="test.api_test.test_nn_Module__parameters" name="test_module_parameters_after_parameter_assignment_and_register_none" time="0.001" /><testcase classname="test.api_test.test_nn_Module__parameters" name="test_module_parameters_assignment_after_init_is_tracked" time="0.001" /><testcase classname="test.api_test.test_nn_Module__parameters" name="test_module_parameters_plain_tensor_assignment_not_tracked" time="0.001" /><testcase classname="test.api_test.test_nn_Module__parameters" name="test_module_parameters_register_parameter_explicit_parameter_and_delete" time="0.001" /><testcase classname="test.api_test.test_nn_Module__parameters" name="test_module_parameters_after_to_npu_parameters_are_on_npu" time="0.001" /><testcase classname="test.api_test.test_nn_Module__parameters" name="test_module_parameters_linear_has_weight_and_bias_in_parameters" time="0.001" /><testcase classname="test.api_test.test_nn_Module__parameters" name="test_module_register_parameter_invalid_input_raises[123-parameter-TypeError]" time="0.001" /><testcase classname="test.api_test.test_nn_Module__parameters" name="test_module_register_parameter_invalid_input_raises[bad_param-tensor-TypeError]" time="0.001" /><testcase classname="test.api_test.test_nn_Module__parameters" name="test_module_register_parameter_invalid_input_raises[-parameter-KeyError]" time="0.001" /><testcase classname="test.api_test.test_nn_Module__parameters" name="test_module_register_parameter_invalid_input_raises[bad.name-parameter-KeyError]" time="0.001" /><testcase classname="test.api_test.test__logging_warning_once" name="test_warning_once_callable" time="0.001" /><testcase classname="test.api_test.test__logging_warning_once" name="test_warning_once_string_message_logs_once" time="0.001" /><testcase classname="test.api_test.test__logging_warning_once" name="test_warning_once_same_message_multiple_calls_only_warns_once" time="0.001" /><testcase classname="test.api_test.test__logging_warning_once" name="test_warning_once_different_messages_warn_twice" time="0.001" /><testcase classname="test.api_test.test__logging_warning_once" name="test_warning_once_message_types_are_forwarded[string-message]" time="0.001" /><testcase classname="test.api_test.test__logging_warning_once" name="test_warning_once_message_types_are_forwarded[123]" time="0.001" /><testcase classname="test.api_test.test__logging_warning_once" name="test_warning_once_message_types_are_forwarded[None]" time="0.001" /><testcase classname="test.api_test.test__logging_warning_once" name="test_warning_once_args_are_forwarded_and_part_of_cache_key" time="0.001" /><testcase classname="test.api_test.test__logging_warning_once" name="test_warning_once_kwargs_are_forwarded_and_part_of_cache_key" time="0.001" /><testcase classname="test.api_test.test__logging_warning_once" name="test_warning_once_none_logger_raises_attribute_error" time="0.001" /><testcase classname="test.api_test.test__logging_warning_once" name="test_warning_once_missing_message_raises_type_error" time="0.001" /><testcase classname="test.api_test.test__logging_warning_once" name="test_warning_once_unhashable_kwargs_raise_type_error" time="0.001" /><testcase classname="test.api_test.test_autograd_graph__MultiHandle" name="test_multihandle_import_accessibility_class_exists_and_isinstance" time="0.001" /><testcase classname="test.api_test.test_autograd_graph__MultiHandle" name="test_multihandle_construct_from_multiple_removable_handles_and_remove_all_hooks" time="0.002" /><testcase classname="test.api_test.test_autograd_graph__MultiHandle" name="test_multihandle_getstate_setstate_roundtrip_and_remove" time="0.002" /><testcase classname="test.api_test.test_autograd_graph__MultiHandle" name="test_multihandle_empty_handle_tuple_behavior" time="0.001" /><testcase classname="test.api_test.test_autograd_graph__MultiHandle" name="test_multihandle_missing_argument_raises_typeerror" time="0.001" /><testcase classname="test.api_test.test_autograd_graph__MultiHandle" name="test_multihandle_none_handles_raise_on_remove" time="0.001" /><testcase classname="test.api_test.test_autograd_graph__MultiHandle" name="test_multihandle_handles_with_invalid_element_raise_on_remove" time="0.001" /><testcase classname="test.api_test.test_autograd_graph__MultiHandle" name="test_multihandle_setstate_invalid_state_raises_on_remove[None-TypeError]" time="0.001" /><testcase classname="test.api_test.test_autograd_graph__MultiHandle" name="test_multihandle_setstate_invalid_state_raises_on_remove[state1-AttributeError]" time="0.001" /></testsuite></testsuites>