<?xml version="1.0" encoding="utf-8"?><testsuites name="pytest tests"><testsuite name="pytest" errors="0" failures="0" skipped="0" tests="56" time="8.110" timestamp="2026-03-23T23:42:25.948343+08:00" hostname="192-168-9-118"><testcase classname="test.api_test.test_Tensor_new_zeros" name="test_tensor_new_zeros_defaults_without_optional_kwargs" time="1.139" /><testcase classname="test.api_test.test_Tensor_new_zeros" name="test_tensor_new_zeros_normal_cases[False-None-None-4]" time="0.002" /><testcase classname="test.api_test.test_Tensor_new_zeros" name="test_tensor_new_zeros_normal_cases[False-None-None-size1]" time="0.002" /><testcase classname="test.api_test.test_Tensor_new_zeros" name="test_tensor_new_zeros_normal_cases[False-None-None-size2]" time="0.002" /><testcase classname="test.api_test.test_Tensor_new_zeros" name="test_tensor_new_zeros_normal_cases[False-None-None-size3]" time="0.002" /><testcase classname="test.api_test.test_Tensor_new_zeros" name="test_tensor_new_zeros_normal_cases[False-None-None-size4]" time="0.006" /><testcase classname="test.api_test.test_Tensor_new_zeros" name="test_tensor_new_zeros_normal_cases[False-None-dtype_arg1-4]" time="0.006" /><testcase classname="test.api_test.test_Tensor_new_zeros" name="test_tensor_new_zeros_normal_cases[False-None-dtype_arg1-size1]" time="0.002" /><testcase classname="test.api_test.test_Tensor_new_zeros" name="test_tensor_new_zeros_normal_cases[False-None-dtype_arg1-size2]" time="0.001" /><testcase classname="test.api_test.test_Tensor_new_zeros" name="test_tensor_new_zeros_normal_cases[False-None-dtype_arg1-size3]" time="0.001" /><testcase classname="test.api_test.test_Tensor_new_zeros" name="test_tensor_new_zeros_normal_cases[False-None-dtype_arg1-size4]" time="0.001" /><testcase classname="test.api_test.test_Tensor_new_zeros" name="test_tensor_new_zeros_normal_cases[False-device_arg1-None-4]" time="0.004" /><testcase classname="test.api_test.test_Tensor_new_zeros" name="test_tensor_new_zeros_normal_cases[False-device_arg1-None-size1]" time="0.001" /><testcase classname="test.api_test.test_Tensor_new_zeros" name="test_tensor_new_zeros_normal_cases[False-device_arg1-None-size2]" time="0.001" /><testcase classname="test.api_test.test_Tensor_new_zeros" name="test_tensor_new_zeros_normal_cases[False-device_arg1-None-size3]" time="0.001" /><testcase classname="test.api_test.test_Tensor_new_zeros" name="test_tensor_new_zeros_normal_cases[False-device_arg1-None-size4]" time="0.001" /><testcase classname="test.api_test.test_Tensor_new_zeros" name="test_tensor_new_zeros_normal_cases[False-device_arg1-dtype_arg1-4]" time="0.001" /><testcase classname="test.api_test.test_Tensor_new_zeros" name="test_tensor_new_zeros_normal_cases[False-device_arg1-dtype_arg1-size1]" time="0.001" /><testcase classname="test.api_test.test_Tensor_new_zeros" name="test_tensor_new_zeros_normal_cases[False-device_arg1-dtype_arg1-size2]" time="0.001" /><testcase classname="test.api_test.test_Tensor_new_zeros" name="test_tensor_new_zeros_normal_cases[False-device_arg1-dtype_arg1-size3]" time="0.001" /><testcase classname="test.api_test.test_Tensor_new_zeros" name="test_tensor_new_zeros_normal_cases[False-device_arg1-dtype_arg1-size4]" time="0.001" /><testcase classname="test.api_test.test_Tensor_new_zeros" name="test_tensor_new_zeros_normal_cases[True-None-None-4]" time="0.001" /><testcase classname="test.api_test.test_Tensor_new_zeros" name="test_tensor_new_zeros_normal_cases[True-None-None-size1]" time="0.006" /><testcase classname="test.api_test.test_Tensor_new_zeros" name="test_tensor_new_zeros_normal_cases[True-None-None-size2]" time="0.001" /><testcase classname="test.api_test.test_Tensor_new_zeros" name="test_tensor_new_zeros_normal_cases[True-None-None-size3]" time="0.001" /><testcase classname="test.api_test.test_Tensor_new_zeros" name="test_tensor_new_zeros_normal_cases[True-None-None-size4]" time="0.001" /><testcase classname="test.api_test.test_Tensor_new_zeros" name="test_tensor_new_zeros_normal_cases[True-None-dtype_arg1-4]" time="0.001" /><testcase classname="test.api_test.test_Tensor_new_zeros" name="test_tensor_new_zeros_normal_cases[True-None-dtype_arg1-size1]" time="0.001" /><testcase classname="test.api_test.test_Tensor_new_zeros" name="test_tensor_new_zeros_normal_cases[True-None-dtype_arg1-size2]" time="0.001" /><testcase classname="test.api_test.test_Tensor_new_zeros" name="test_tensor_new_zeros_normal_cases[True-None-dtype_arg1-size3]" time="0.001" /><testcase classname="test.api_test.test_Tensor_new_zeros" name="test_tensor_new_zeros_normal_cases[True-None-dtype_arg1-size4]" time="0.001" /><testcase classname="test.api_test.test_Tensor_new_zeros" name="test_tensor_new_zeros_normal_cases[True-device_arg1-None-4]" time="0.001" /><testcase classname="test.api_test.test_Tensor_new_zeros" name="test_tensor_new_zeros_normal_cases[True-device_arg1-None-size1]" time="0.001" /><testcase classname="test.api_test.test_Tensor_new_zeros" name="test_tensor_new_zeros_normal_cases[True-device_arg1-None-size2]" time="0.001" /><testcase classname="test.api_test.test_Tensor_new_zeros" name="test_tensor_new_zeros_normal_cases[True-device_arg1-None-size3]" time="0.001" /><testcase classname="test.api_test.test_Tensor_new_zeros" name="test_tensor_new_zeros_normal_cases[True-device_arg1-None-size4]" time="0.001" /><testcase classname="test.api_test.test_Tensor_new_zeros" name="test_tensor_new_zeros_normal_cases[True-device_arg1-dtype_arg1-4]" time="0.001" /><testcase classname="test.api_test.test_Tensor_new_zeros" name="test_tensor_new_zeros_normal_cases[True-device_arg1-dtype_arg1-size1]" time="0.001" /><testcase classname="test.api_test.test_Tensor_new_zeros" name="test_tensor_new_zeros_normal_cases[True-device_arg1-dtype_arg1-size2]" time="0.001" /><testcase classname="test.api_test.test_Tensor_new_zeros" name="test_tensor_new_zeros_normal_cases[True-device_arg1-dtype_arg1-size3]" time="0.001" /><testcase classname="test.api_test.test_Tensor_new_zeros" name="test_tensor_new_zeros_normal_cases[True-device_arg1-dtype_arg1-size4]" time="0.001" /><testcase classname="test.api_test.test_Tensor_new_zeros" name="test_tensor_new_zeros_varargs_size_form" time="0.001" /><testcase classname="test.api_test.test_Tensor_new_zeros" name="test_tensor_new_zeros_sparse_layout_on_npu" time="0.001" /><testcase classname="test.api_test.test_Tensor_new_zeros" name="test_tensor_new_zeros_explicit_int_dtype_on_npu" time="0.006" /><testcase classname="test.api_test.test_Tensor_new_zeros" name="test_tensor_new_zeros_pin_memory_true_raises_on_npu" time="0.001" /><testcase classname="test.api_test.test_Tensor_new_zeros" name="test_tensor_new_zeros_invalid_size_raises[-1-RuntimeError]" time="0.001" /><testcase classname="test.api_test.test_Tensor_new_zeros" name="test_tensor_new_zeros_invalid_size_raises[bad_size1-RuntimeError]" time="0.001" /><testcase classname="test.api_test.test_Tensor_new_zeros" name="test_tensor_new_zeros_invalid_size_raises[bad_size2-RuntimeError]" time="0.001" /><testcase classname="test.api_test.test_Tensor_new_zeros" name="test_tensor_new_zeros_invalid_size_raises[abc-TypeError]" time="0.001" /><testcase classname="test.api_test.test_Tensor_new_zeros" name="test_tensor_new_zeros_invalid_size_raises[bad_size4-TypeError]" time="0.001" /><testcase classname="test.api_test.test_Tensor_new_zeros" name="test_tensor_new_zeros_invalid_dtype_type_raises" time="0.001" /><testcase classname="test.api_test.test_Tensor_new_zeros" name="test_tensor_new_zeros_invalid_device_type_raises" time="0.002" /><testcase classname="test.api_test.test_Tensor_new_zeros" name="test_tensor_new_zeros_invalid_optional_kwarg_types_raise[kwargs0]" time="0.001" /><testcase classname="test.api_test.test_Tensor_new_zeros" name="test_tensor_new_zeros_invalid_optional_kwarg_types_raise[kwargs1]" time="0.001" /><testcase classname="test.api_test.test_Tensor_new_zeros" name="test_tensor_new_zeros_invalid_optional_kwarg_types_raise[kwargs2]" time="0.001" /><testcase classname="test.api_test.test_Tensor_new_zeros" name="test_tensor_new_zeros_requires_grad_with_int_dtype_raises" time="0.001" /></testsuite></testsuites>