<?xml version="1.0" encoding="utf-8"?><testsuites name="pytest tests"><testsuite name="pytest" errors="0" failures="0" skipped="0" tests="7" time="7.666" timestamp="2026-03-23T23:45:38.007942+08:00" hostname="192-168-9-118"><testcase classname="test.api_test.test_nn_Parameter_device" name="test_parameter_device_default_cpu_is_torch_device" time="0.991" /><testcase classname="test.api_test.test_nn_Parameter_device" name="test_parameter_device_on_npu_for_various_dtypes[dtype0-True]" time="0.113" /><testcase classname="test.api_test.test_nn_Parameter_device" name="test_parameter_device_on_npu_for_various_dtypes[dtype1-True]" time="0.001" /><testcase classname="test.api_test.test_nn_Parameter_device" name="test_parameter_device_on_npu_for_various_dtypes[dtype2-False]" time="0.001" /><testcase classname="test.api_test.test_nn_Parameter_device" name="test_parameter_device_after_to_npu_keeps_npu_device" time="0.001" /><testcase classname="test.api_test.test_nn_Parameter_device" name="test_parameter_device_inside_module_after_module_to_npu" time="0.002" /><testcase classname="test.api_test.test_nn_Parameter_device" name="test_parameter_device_read_only_assignment_raises" time="0.001" /></testsuite></testsuites>